[dotenv@17.2.3] injecting env (13) from .env -- tip: 👥 sync secrets across teammates & machines: https://dotenvx.com/ops
[DB] Default Pool initialized with host: lynxlocal.mysql.uhserver.com, database: lynxlocal
[dotenv@17.2.3] injecting env (0) from .env -- tip: ⚙️  specify custom .env file path with { path: '/custom/path/.env' }
Server running on port 3000 and listening on all interfaces(0.0.0.0)
Connected to MySQL database

[API] GET /api/health
[TenantMiddleware] No token provided for /health
[API] 401 (32ms)

[API] GET /api/config

[DB] 🟡 EXEC: SELECT RestringirApontamentoSemSaldoAnterior, ProcessosVisiveis, PlanoCorteFiltroDC, MaxRegistros FROM configuracaosistema LIMIT 1

[API] GET /api/config/menu

[DB] 🟡 EXEC: SELECT MenuStructure FROM configuracaosistema LIMIT 1

[API] GET /api/dashboard/stats

[DB] 🟡 EXEC: SELECT COUNT(*) as total FROM pessoajuridica WHERE D_E_L_E_T_E IS NULL OR D_E_L_E_T_E != '*'
[DB] 🔴 ERROR: Unknown column 'PlanoCorteFiltroDC' in 'field list'
Error: Unknown column 'PlanoCorteFiltroDC' in 'field list'
    at PromisePool.execute (C:\SincoWeb\SINCO-WEB\SINCO-WEB\node_modules\mysql2\lib\promise\pool.js:54:22)
    at Object.execute (C:\SincoWeb\SINCO-WEB\SINCO-WEB\src\config\db.js:94:31)
    at C:\SincoWeb\SINCO-WEB\SINCO-WEB\src\server.js:6530:35
    at Layer.handleRequest (C:\SincoWeb\SINCO-WEB\SINCO-WEB\node_modules\router\lib\layer.js:152:17)
    at next (C:\SincoWeb\SINCO-WEB\SINCO-WEB\node_modules\router\lib\route.js:157:13)
    at Route.dispatch (C:\SincoWeb\SINCO-WEB\SINCO-WEB\node_modules\router\lib\route.js:117:3)
    at handle (C:\SincoWeb\SINCO-WEB\SINCO-WEB\node_modules\router\index.js:435:11)
    at Layer.handleRequest (C:\SincoWeb\SINCO-WEB\SINCO-WEB\node_modules\router\lib\layer.js:152:17)
    at C:\SincoWeb\SINCO-WEB\SINCO-WEB\node_modules\router\index.js:295:15
    at processParams (C:\SincoWeb\SINCO-WEB\SINCO-WEB\node_modules\router\index.js:582:12)
    at next (C:\SincoWeb\SINCO-WEB\SINCO-WEB\node_modules\router\index.js:291:5)
    at C:\SincoWeb\SINCO-WEB\SINCO-WEB\src\middleware\tenant.js:60:13
    at AsyncLocalStorage.run (node:internal/async_local_storage/async_context_frame:63:14)
    at tenantMiddleware (C:\SincoWeb\SINCO-WEB\SINCO-WEB\src\middleware\tenant.js:59:30)
    at Layer.handleRequest (C:\SincoWeb\SINCO-WEB\SINCO-WEB\node_modules\router\lib\layer.js:152:17)
    at trimPrefix (C:\SincoWeb\SINCO-WEB\SINCO-WEB\node_modules\router\index.js:342:13) {
  code: 'ER_BAD_FIELD_ERROR',
  errno: 1054,
  sql: 'SELECT RestringirApontamentoSemSaldoAnterior, ProcessosVisiveis, PlanoCorteFiltroDC, MaxRegistros FROM configuracaosistema LIMIT 1',
  sqlState: '42S22',
  sqlMessage: "Unknown column 'PlanoCorteFiltroDC' in 'field list'"
}
Config error: Error: Unknown column 'PlanoCorteFiltroDC' in 'field list'
    at PromisePool.execute (C:\SincoWeb\SINCO-WEB\SINCO-WEB\node_modules\mysql2\lib\promise\pool.js:54:22)
    at Object.execute (C:\SincoWeb\SINCO-WEB\SINCO-WEB\src\config\db.js:94:31)
    at C:\SincoWeb\SINCO-WEB\SINCO-WEB\src\server.js:6530:35
    at Layer.handleRequest (C:\SincoWeb\SINCO-WEB\SINCO-WEB\node_modules\router\lib\layer.js:152:17)
    at next (C:\SincoWeb\SINCO-WEB\SINCO-WEB\node_modules\router\lib\route.js:157:13)
    at Route.dispatch (C:\SincoWeb\SINCO-WEB\SINCO-WEB\node_modules\router\lib\route.js:117:3)
    at handle (C:\SincoWeb\SINCO-WEB\SINCO-WEB\node_modules\router\index.js:435:11)
    at Layer.handleRequest (C:\SincoWeb\SINCO-WEB\SINCO-WEB\node_modules\router\lib\layer.js:152:17)
    at C:\SincoWeb\SINCO-WEB\SINCO-WEB\node_modules\router\index.js:295:15
    at processParams (C:\SincoWeb\SINCO-WEB\SINCO-WEB\node_modules\router\index.js:582:12)
    at next (C:\SincoWeb\SINCO-WEB\SINCO-WEB\node_modules\router\index.js:291:5)
    at C:\SincoWeb\SINCO-WEB\SINCO-WEB\src\middleware\tenant.js:60:13
    at AsyncLocalStorage.run (node:internal/async_local_storage/async_context_frame:63:14)
    at tenantMiddleware (C:\SincoWeb\SINCO-WEB\SINCO-WEB\src\middleware\tenant.js:59:30)
    at Layer.handleRequest (C:\SincoWeb\SINCO-WEB\SINCO-WEB\node_modules\router\lib\layer.js:152:17)
    at trimPrefix (C:\SincoWeb\SINCO-WEB\SINCO-WEB\node_modules\router\index.js:342:13) {
  code: 'ER_BAD_FIELD_ERROR',
  errno: 1054,
  sql: 'SELECT RestringirApontamentoSemSaldoAnterior, ProcessosVisiveis, PlanoCorteFiltroDC, MaxRegistros FROM configuracaosistema LIMIT 1',
  sqlState: '42S22',
  sqlMessage: "Unknown column 'PlanoCorteFiltroDC' in 'field list'"
}
[API] 500 (1400ms)

[API] GET /api/config

[DB] 🟡 EXEC: SELECT RestringirApontamentoSemSaldoAnterior, ProcessosVisiveis, PlanoCorteFiltroDC, MaxRegistros FROM configuracaosistema LIMIT 1
[DB] [lynxlocal] 🟢 OK (1094ms) - Rows/Affected: 1
[API] 304 (1104ms)
[DB] [lynxlocal] 🟢 OK (1084ms) - Rows/Affected: 1
[API] 304 (1089ms)
[DB] 🔴 ERROR: Unknown column 'PlanoCorteFiltroDC' in 'field list'
Error: Unknown column 'PlanoCorteFiltroDC' in 'field list'
    at PromisePool.execute (C:\SincoWeb\SINCO-WEB\SINCO-WEB\node_modules\mysql2\lib\promise\pool.js:54:22)
    at Object.execute (C:\SincoWeb\SINCO-WEB\SINCO-WEB\src\config\db.js:94:31)
    at C:\SincoWeb\SINCO-WEB\SINCO-WEB\src\server.js:6530:35
    at Layer.handleRequest (C:\SincoWeb\SINCO-WEB\SINCO-WEB\node_modules\router\lib\layer.js:152:17)
    at next (C:\SincoWeb\SINCO-WEB\SINCO-WEB\node_modules\router\lib\route.js:157:13)
    at Route.dispatch (C:\SincoWeb\SINCO-WEB\SINCO-WEB\node_modules\router\lib\route.js:117:3)
    at handle (C:\SincoWeb\SINCO-WEB\SINCO-WEB\node_modules\router\index.js:435:11)
    at Layer.handleRequest (C:\SincoWeb\SINCO-WEB\SINCO-WEB\node_modules\router\lib\layer.js:152:17)
    at C:\SincoWeb\SINCO-WEB\SINCO-WEB\node_modules\router\index.js:295:15
    at processParams (C:\SincoWeb\SINCO-WEB\SINCO-WEB\node_modules\router\index.js:582:12)
    at next (C:\SincoWeb\SINCO-WEB\SINCO-WEB\node_modules\router\index.js:291:5)
    at C:\SincoWeb\SINCO-WEB\SINCO-WEB\src\middleware\tenant.js:60:13
    at AsyncLocalStorage.run (node:internal/async_local_storage/async_context_frame:63:14)
    at tenantMiddleware (C:\SincoWeb\SINCO-WEB\SINCO-WEB\src\middleware\tenant.js:59:30)
    at Layer.handleRequest (C:\SincoWeb\SINCO-WEB\SINCO-WEB\node_modules\router\lib\layer.js:152:17)
    at trimPrefix (C:\SincoWeb\SINCO-WEB\SINCO-WEB\node_modules\router\index.js:342:13) {
  code: 'ER_BAD_FIELD_ERROR',
  errno: 1054,
  sql: 'SELECT RestringirApontamentoSemSaldoAnterior, ProcessosVisiveis, PlanoCorteFiltroDC, MaxRegistros FROM configuracaosistema LIMIT 1',
  sqlState: '42S22',
  sqlMessage: "Unknown column 'PlanoCorteFiltroDC' in 'field list'"
}
Config error: Error: Unknown column 'PlanoCorteFiltroDC' in 'field list'
    at PromisePool.execute (C:\SincoWeb\SINCO-WEB\SINCO-WEB\node_modules\mysql2\lib\promise\pool.js:54:22)
    at Object.execute (C:\SincoWeb\SINCO-WEB\SINCO-WEB\src\config\db.js:94:31)
    at C:\SincoWeb\SINCO-WEB\SINCO-WEB\src\server.js:6530:35
    at Layer.handleRequest (C:\SincoWeb\SINCO-WEB\SINCO-WEB\node_modules\router\lib\layer.js:152:17)
    at next (C:\SincoWeb\SINCO-WEB\SINCO-WEB\node_modules\router\lib\route.js:157:13)
    at Route.dispatch (C:\SincoWeb\SINCO-WEB\SINCO-WEB\node_modules\router\lib\route.js:117:3)
    at handle (C:\SincoWeb\SINCO-WEB\SINCO-WEB\node_modules\router\index.js:435:11)
    at Layer.handleRequest (C:\SincoWeb\SINCO-WEB\SINCO-WEB\node_modules\router\lib\layer.js:152:17)
    at C:\SincoWeb\SINCO-WEB\SINCO-WEB\node_modules\router\index.js:295:15
    at processParams (C:\SincoWeb\SINCO-WEB\SINCO-WEB\node_modules\router\index.js:582:12)
    at next (C:\SincoWeb\SINCO-WEB\SINCO-WEB\node_modules\router\index.js:291:5)
    at C:\SincoWeb\SINCO-WEB\SINCO-WEB\src\middleware\tenant.js:60:13
    at AsyncLocalStorage.run (node:internal/async_local_storage/async_context_frame:63:14)
    at tenantMiddleware (C:\SincoWeb\SINCO-WEB\SINCO-WEB\src\middleware\tenant.js:59:30)
    at Layer.handleRequest (C:\SincoWeb\SINCO-WEB\SINCO-WEB\node_modules\router\lib\layer.js:152:17)
    at trimPrefix (C:\SincoWeb\SINCO-WEB\SINCO-WEB\node_modules\router\index.js:342:13) {
  code: 'ER_BAD_FIELD_ERROR',
  errno: 1054,
  sql: 'SELECT RestringirApontamentoSemSaldoAnterior, ProcessosVisiveis, PlanoCorteFiltroDC, MaxRegistros FROM configuracaosistema LIMIT 1',
  sqlState: '42S22',
  sqlMessage: "Unknown column 'PlanoCorteFiltroDC' in 'field list'"
}
[API] 500 (30ms)

[API] GET /api/config/menu

[DB] 🟡 EXEC: SELECT MenuStructure FROM configuracaosistema LIMIT 1

[API] GET /api/dashboard/stats

[DB] 🟡 EXEC: SELECT COUNT(*) as total FROM pessoajuridica WHERE D_E_L_E_T_E IS NULL OR D_E_L_E_T_E != '*'
[DB] [lynxlocal] 🟢 OK (21ms) - Rows/Affected: 1
[API] 304 (23ms)
[DB] [lynxlocal] 🟢 OK (44ms) - Rows/Affected: 1
[API] 304 (48ms)

[API] GET /api/config

[DB] 🟡 EXEC: SELECT RestringirApontamentoSemSaldoAnterior, ProcessosVisiveis, PlanoCorteFiltroDC, MaxRegistros FROM configuracaosistema LIMIT 1
[DB] 🔴 ERROR: Unknown column 'PlanoCorteFiltroDC' in 'field list'
Error: Unknown column 'PlanoCorteFiltroDC' in 'field list'
    at PromisePool.execute (C:\SincoWeb\SINCO-WEB\SINCO-WEB\node_modules\mysql2\lib\promise\pool.js:54:22)
    at Object.execute (C:\SincoWeb\SINCO-WEB\SINCO-WEB\src\config\db.js:94:31)
    at C:\SincoWeb\SINCO-WEB\SINCO-WEB\src\server.js:6530:35
    at Layer.handleRequest (C:\SincoWeb\SINCO-WEB\SINCO-WEB\node_modules\router\lib\layer.js:152:17)
    at next (C:\SincoWeb\SINCO-WEB\SINCO-WEB\node_modules\router\lib\route.js:157:13)
    at Route.dispatch (C:\SincoWeb\SINCO-WEB\SINCO-WEB\node_modules\router\lib\route.js:117:3)
    at handle (C:\SincoWeb\SINCO-WEB\SINCO-WEB\node_modules\router\index.js:435:11)
    at Layer.handleRequest (C:\SincoWeb\SINCO-WEB\SINCO-WEB\node_modules\router\lib\layer.js:152:17)
    at C:\SincoWeb\SINCO-WEB\SINCO-WEB\node_modules\router\index.js:295:15
    at processParams (C:\SincoWeb\SINCO-WEB\SINCO-WEB\node_modules\router\index.js:582:12)
    at next (C:\SincoWeb\SINCO-WEB\SINCO-WEB\node_modules\router\index.js:291:5)
    at C:\SincoWeb\SINCO-WEB\SINCO-WEB\src\middleware\tenant.js:60:13
    at AsyncLocalStorage.run (node:internal/async_local_storage/async_context_frame:63:14)
    at tenantMiddleware (C:\SincoWeb\SINCO-WEB\SINCO-WEB\src\middleware\tenant.js:59:30)
    at Layer.handleRequest (C:\SincoWeb\SINCO-WEB\SINCO-WEB\node_modules\router\lib\layer.js:152:17)
    at trimPrefix (C:\SincoWeb\SINCO-WEB\SINCO-WEB\node_modules\router\index.js:342:13) {
  code: 'ER_BAD_FIELD_ERROR',
  errno: 1054,
  sql: 'SELECT RestringirApontamentoSemSaldoAnterior, ProcessosVisiveis, PlanoCorteFiltroDC, MaxRegistros FROM configuracaosistema LIMIT 1',
  sqlState: '42S22',
  sqlMessage: "Unknown column 'PlanoCorteFiltroDC' in 'field list'"
}
Config error: Error: Unknown column 'PlanoCorteFiltroDC' in 'field list'
    at PromisePool.execute (C:\SincoWeb\SINCO-WEB\SINCO-WEB\node_modules\mysql2\lib\promise\pool.js:54:22)
    at Object.execute (C:\SincoWeb\SINCO-WEB\SINCO-WEB\src\config\db.js:94:31)
    at C:\SincoWeb\SINCO-WEB\SINCO-WEB\src\server.js:6530:35
    at Layer.handleRequest (C:\SincoWeb\SINCO-WEB\SINCO-WEB\node_modules\router\lib\layer.js:152:17)
    at next (C:\SincoWeb\SINCO-WEB\SINCO-WEB\node_modules\router\lib\route.js:157:13)
    at Route.dispatch (C:\SincoWeb\SINCO-WEB\SINCO-WEB\node_modules\router\lib\route.js:117:3)
    at handle (C:\SincoWeb\SINCO-WEB\SINCO-WEB\node_modules\router\index.js:435:11)
    at Layer.handleRequest (C:\SincoWeb\SINCO-WEB\SINCO-WEB\node_modules\router\lib\layer.js:152:17)
    at C:\SincoWeb\SINCO-WEB\SINCO-WEB\node_modules\router\index.js:295:15
    at processParams (C:\SincoWeb\SINCO-WEB\SINCO-WEB\node_modules\router\index.js:582:12)
    at next (C:\SincoWeb\SINCO-WEB\SINCO-WEB\node_modules\router\index.js:291:5)
    at C:\SincoWeb\SINCO-WEB\SINCO-WEB\src\middleware\tenant.js:60:13
    at AsyncLocalStorage.run (node:internal/async_local_storage/async_context_frame:63:14)
    at tenantMiddleware (C:\SincoWeb\SINCO-WEB\SINCO-WEB\src\middleware\tenant.js:59:30)
    at Layer.handleRequest (C:\SincoWeb\SINCO-WEB\SINCO-WEB\node_modules\router\lib\layer.js:152:17)
    at trimPrefix (C:\SincoWeb\SINCO-WEB\SINCO-WEB\node_modules\router\index.js:342:13) {
  code: 'ER_BAD_FIELD_ERROR',
  errno: 1054,
  sql: 'SELECT RestringirApontamentoSemSaldoAnterior, ProcessosVisiveis, PlanoCorteFiltroDC, MaxRegistros FROM configuracaosistema LIMIT 1',
  sqlState: '42S22',
  sqlMessage: "Unknown column 'PlanoCorteFiltroDC' in 'field list'"
}
[API] 500 (26ms)

[API] GET /api/config/menu

[DB] 🟡 EXEC: SELECT MenuStructure FROM configuracaosistema LIMIT 1
[DB] [lynxlocal] 🟢 OK (23ms) - Rows/Affected: 1
[API] 304 (25ms)

[API] GET /api/config

[DB] 🟡 EXEC: SELECT RestringirApontamentoSemSaldoAnterior, ProcessosVisiveis, PlanoCorteFiltroDC, MaxRegistros FROM configuracaosistema LIMIT 1
[DB] 🔴 ERROR: Unknown column 'PlanoCorteFiltroDC' in 'field list'
Error: Unknown column 'PlanoCorteFiltroDC' in 'field list'
    at PromisePool.execute (C:\SincoWeb\SINCO-WEB\SINCO-WEB\node_modules\mysql2\lib\promise\pool.js:54:22)
    at Object.execute (C:\SincoWeb\SINCO-WEB\SINCO-WEB\src\config\db.js:94:31)
    at C:\SincoWeb\SINCO-WEB\SINCO-WEB\src\server.js:6530:35
    at Layer.handleRequest (C:\SincoWeb\SINCO-WEB\SINCO-WEB\node_modules\router\lib\layer.js:152:17)
    at next (C:\SincoWeb\SINCO-WEB\SINCO-WEB\node_modules\router\lib\route.js:157:13)
    at Route.dispatch (C:\SincoWeb\SINCO-WEB\SINCO-WEB\node_modules\router\lib\route.js:117:3)
    at handle (C:\SincoWeb\SINCO-WEB\SINCO-WEB\node_modules\router\index.js:435:11)
    at Layer.handleRequest (C:\SincoWeb\SINCO-WEB\SINCO-WEB\node_modules\router\lib\layer.js:152:17)
    at C:\SincoWeb\SINCO-WEB\SINCO-WEB\node_modules\router\index.js:295:15
    at processParams (C:\SincoWeb\SINCO-WEB\SINCO-WEB\node_modules\router\index.js:582:12)
    at next (C:\SincoWeb\SINCO-WEB\SINCO-WEB\node_modules\router\index.js:291:5)
    at C:\SincoWeb\SINCO-WEB\SINCO-WEB\src\middleware\tenant.js:60:13
    at AsyncLocalStorage.run (node:internal/async_local_storage/async_context_frame:63:14)
    at tenantMiddleware (C:\SincoWeb\SINCO-WEB\SINCO-WEB\src\middleware\tenant.js:59:30)
    at Layer.handleRequest (C:\SincoWeb\SINCO-WEB\SINCO-WEB\node_modules\router\lib\layer.js:152:17)
    at trimPrefix (C:\SincoWeb\SINCO-WEB\SINCO-WEB\node_modules\router\index.js:342:13) {
  code: 'ER_BAD_FIELD_ERROR',
  errno: 1054,
  sql: 'SELECT RestringirApontamentoSemSaldoAnterior, ProcessosVisiveis, PlanoCorteFiltroDC, MaxRegistros FROM configuracaosistema LIMIT 1',
  sqlState: '42S22',
  sqlMessage: "Unknown column 'PlanoCorteFiltroDC' in 'field list'"
}
Config error: Error: Unknown column 'PlanoCorteFiltroDC' in 'field list'
    at PromisePool.execute (C:\SincoWeb\SINCO-WEB\SINCO-WEB\node_modules\mysql2\lib\promise\pool.js:54:22)
    at Object.execute (C:\SincoWeb\SINCO-WEB\SINCO-WEB\src\config\db.js:94:31)
    at C:\SincoWeb\SINCO-WEB\SINCO-WEB\src\server.js:6530:35
    at Layer.handleRequest (C:\SincoWeb\SINCO-WEB\SINCO-WEB\node_modules\router\lib\layer.js:152:17)
    at next (C:\SincoWeb\SINCO-WEB\SINCO-WEB\node_modules\router\lib\route.js:157:13)
    at Route.dispatch (C:\SincoWeb\SINCO-WEB\SINCO-WEB\node_modules\router\lib\route.js:117:3)
    at handle (C:\SincoWeb\SINCO-WEB\SINCO-WEB\node_modules\router\index.js:435:11)
    at Layer.handleRequest (C:\SincoWeb\SINCO-WEB\SINCO-WEB\node_modules\router\lib\layer.js:152:17)
    at C:\SincoWeb\SINCO-WEB\SINCO-WEB\node_modules\router\index.js:295:15
    at processParams (C:\SincoWeb\SINCO-WEB\SINCO-WEB\node_modules\router\index.js:582:12)
    at next (C:\SincoWeb\SINCO-WEB\SINCO-WEB\node_modules\router\index.js:291:5)
    at C:\SincoWeb\SINCO-WEB\SINCO-WEB\src\middleware\tenant.js:60:13
    at AsyncLocalStorage.run (node:internal/async_local_storage/async_context_frame:63:14)
    at tenantMiddleware (C:\SincoWeb\SINCO-WEB\SINCO-WEB\src\middleware\tenant.js:59:30)
    at Layer.handleRequest (C:\SincoWeb\SINCO-WEB\SINCO-WEB\node_modules\router\lib\layer.js:152:17)
    at trimPrefix (C:\SincoWeb\SINCO-WEB\SINCO-WEB\node_modules\router\index.js:342:13) {
  code: 'ER_BAD_FIELD_ERROR',
  errno: 1054,
  sql: 'SELECT RestringirApontamentoSemSaldoAnterior, ProcessosVisiveis, PlanoCorteFiltroDC, MaxRegistros FROM configuracaosistema LIMIT 1',
  sqlState: '42S22',
  sqlMessage: "Unknown column 'PlanoCorteFiltroDC' in 'field list'"
}
[API] 500 (27ms)

[API] PUT /api/config
[API]    BODY: {"restringirApontamento":"Não","processosVisiveis":"[\"corte\",\"dobra\",\"solda\",\"pintura\",\"montagem\"]","planoCorteFiltroDC":"chaparia","maxRegistros":500}

[DB] 🟡 EXEC: SELECT id FROM configuracaosistema LIMIT 1
[DB] [lynxlocal] 🟢 OK (45ms) - Rows/Affected: 1

[DB] 🟡 EXEC: UPDATE configuracaosistema SET RestringirApontamentoSemSaldoAnterior = ?, ProcessosVisiveis = ?, PlanoCorteFiltroDC = ?, MaxRegistros = ? WHERE id = 1
[DB]    PARAMS: ["Não","[\"corte\",\"dobra\",\"solda\",\"pintura\",\"montagem\"]","chaparia",500]
[DB] 🔴 ERROR: Unknown column 'PlanoCorteFiltroDC' in 'field list'
Error: Unknown column 'PlanoCorteFiltroDC' in 'field list'
    at PromisePool.execute (C:\SincoWeb\SINCO-WEB\SINCO-WEB\node_modules\mysql2\lib\promise\pool.js:54:22)
    at Object.execute (C:\SincoWeb\SINCO-WEB\SINCO-WEB\src\config\db.js:94:31)
    at C:\SincoWeb\SINCO-WEB\SINCO-WEB\src\server.js:6571:28
    at process.processTicksAndRejections (node:internal/process/task_queues:103:5) {
  code: 'ER_BAD_FIELD_ERROR',
  errno: 1054,
  sql: 'UPDATE configuracaosistema SET RestringirApontamentoSemSaldoAnterior = ?, ProcessosVisiveis = ?, PlanoCorteFiltroDC = ?, MaxRegistros = ? WHERE id = 1',
  sqlState: '42S22',
  sqlMessage: "Unknown column 'PlanoCorteFiltroDC' in 'field list'"
}
Config save error: Error: Unknown column 'PlanoCorteFiltroDC' in 'field list'
    at PromisePool.execute (C:\SincoWeb\SINCO-WEB\SINCO-WEB\node_modules\mysql2\lib\promise\pool.js:54:22)
    at Object.execute (C:\SincoWeb\SINCO-WEB\SINCO-WEB\src\config\db.js:94:31)
    at C:\SincoWeb\SINCO-WEB\SINCO-WEB\src\server.js:6571:28
    at process.processTicksAndRejections (node:internal/process/task_queues:103:5) {
  code: 'ER_BAD_FIELD_ERROR',
  errno: 1054,
  sql: 'UPDATE configuracaosistema SET RestringirApontamentoSemSaldoAnterior = ?, ProcessosVisiveis = ?, PlanoCorteFiltroDC = ?, MaxRegistros = ? WHERE id = 1',
  sqlState: '42S22',
  sqlMessage: "Unknown column 'PlanoCorteFiltroDC' in 'field list'"
}
[API] 500 (77ms)

[API] GET /api/plano-corte/itens-disponiveis?tipoFiltro=corte
[API]    QUERY: {"tipoFiltro":"corte"}
[PlanoCorte] tipoFiltro ativo: corte
[API] 200 (122ms)

[API] GET /api/plano-corte/itens-disponiveis?tipoFiltro=corte
[API]    QUERY: {"tipoFiltro":"corte"}
[PlanoCorte] tipoFiltro ativo: corte
[API] 304 (30ms)

[API] GET /api/config

[DB] 🟡 EXEC: SELECT RestringirApontamentoSemSaldoAnterior, ProcessosVisiveis, PlanoCorteFiltroDC, MaxRegistros FROM configuracaosistema LIMIT 1

[API] GET /api/config/menu

[DB] 🟡 EXEC: SELECT MenuStructure FROM configuracaosistema LIMIT 1
[DB] 🔴 ERROR: Unknown column 'PlanoCorteFiltroDC' in 'field list'
Error: Unknown column 'PlanoCorteFiltroDC' in 'field list'
    at PromisePool.execute (C:\SincoWeb\SINCO-WEB\SINCO-WEB\node_modules\mysql2\lib\promise\pool.js:54:22)
    at Object.execute (C:\SincoWeb\SINCO-WEB\SINCO-WEB\src\config\db.js:94:31)
    at C:\SincoWeb\SINCO-WEB\SINCO-WEB\src\server.js:6530:35
    at Layer.handleRequest (C:\SincoWeb\SINCO-WEB\SINCO-WEB\node_modules\router\lib\layer.js:152:17)
    at next (C:\SincoWeb\SINCO-WEB\SINCO-WEB\node_modules\router\lib\route.js:157:13)
    at Route.dispatch (C:\SincoWeb\SINCO-WEB\SINCO-WEB\node_modules\router\lib\route.js:117:3)
    at handle (C:\SincoWeb\SINCO-WEB\SINCO-WEB\node_modules\router\index.js:435:11)
    at Layer.handleRequest (C:\SincoWeb\SINCO-WEB\SINCO-WEB\node_modules\router\lib\layer.js:152:17)
    at C:\SincoWeb\SINCO-WEB\SINCO-WEB\node_modules\router\index.js:295:15
    at processParams (C:\SincoWeb\SINCO-WEB\SINCO-WEB\node_modules\router\index.js:582:12)
    at next (C:\SincoWeb\SINCO-WEB\SINCO-WEB\node_modules\router\index.js:291:5)
    at C:\SincoWeb\SINCO-WEB\SINCO-WEB\src\middleware\tenant.js:60:13
    at AsyncLocalStorage.run (node:internal/async_local_storage/async_context_frame:63:14)
    at tenantMiddleware (C:\SincoWeb\SINCO-WEB\SINCO-WEB\src\middleware\tenant.js:59:30)
    at Layer.handleRequest (C:\SincoWeb\SINCO-WEB\SINCO-WEB\node_modules\router\lib\layer.js:152:17)
    at trimPrefix (C:\SincoWeb\SINCO-WEB\SINCO-WEB\node_modules\router\index.js:342:13) {
  code: 'ER_BAD_FIELD_ERROR',
  errno: 1054,
  sql: 'SELECT RestringirApontamentoSemSaldoAnterior, ProcessosVisiveis, PlanoCorteFiltroDC, MaxRegistros FROM configuracaosistema LIMIT 1',
  sqlState: '42S22',
  sqlMessage: "Unknown column 'PlanoCorteFiltroDC' in 'field list'"
}
Config error: Error: Unknown column 'PlanoCorteFiltroDC' in 'field list'
    at PromisePool.execute (C:\SincoWeb\SINCO-WEB\SINCO-WEB\node_modules\mysql2\lib\promise\pool.js:54:22)
    at Object.execute (C:\SincoWeb\SINCO-WEB\SINCO-WEB\src\config\db.js:94:31)
    at C:\SincoWeb\SINCO-WEB\SINCO-WEB\src\server.js:6530:35
    at Layer.handleRequest (C:\SincoWeb\SINCO-WEB\SINCO-WEB\node_modules\router\lib\layer.js:152:17)
    at next (C:\SincoWeb\SINCO-WEB\SINCO-WEB\node_modules\router\lib\route.js:157:13)
    at Route.dispatch (C:\SincoWeb\SINCO-WEB\SINCO-WEB\node_modules\router\lib\route.js:117:3)
    at handle (C:\SincoWeb\SINCO-WEB\SINCO-WEB\node_modules\router\index.js:435:11)
    at Layer.handleRequest (C:\SincoWeb\SINCO-WEB\SINCO-WEB\node_modules\router\lib\layer.js:152:17)
    at C:\SincoWeb\SINCO-WEB\SINCO-WEB\node_modules\router\index.js:295:15
    at processParams (C:\SincoWeb\SINCO-WEB\SINCO-WEB\node_modules\router\index.js:582:12)
    at next (C:\SincoWeb\SINCO-WEB\SINCO-WEB\node_modules\router\index.js:291:5)
    at C:\SincoWeb\SINCO-WEB\SINCO-WEB\src\middleware\tenant.js:60:13
    at AsyncLocalStorage.run (node:internal/async_local_storage/async_context_frame:63:14)
    at tenantMiddleware (C:\SincoWeb\SINCO-WEB\SINCO-WEB\src\middleware\tenant.js:59:30)
    at Layer.handleRequest (C:\SincoWeb\SINCO-WEB\SINCO-WEB\node_modules\router\lib\layer.js:152:17)
    at trimPrefix (C:\SincoWeb\SINCO-WEB\SINCO-WEB\node_modules\router\index.js:342:13) {
  code: 'ER_BAD_FIELD_ERROR',
  errno: 1054,
  sql: 'SELECT RestringirApontamentoSemSaldoAnterior, ProcessosVisiveis, PlanoCorteFiltroDC, MaxRegistros FROM configuracaosistema LIMIT 1',
  sqlState: '42S22',
  sqlMessage: "Unknown column 'PlanoCorteFiltroDC' in 'field list'"
}
[API] 500 (28ms)
[DB] [lynxlocal] 🟢 OK (49ms) - Rows/Affected: 1
[API] 304 (52ms)

[API] GET /api/config

[DB] 🟡 EXEC: SELECT RestringirApontamentoSemSaldoAnterior, ProcessosVisiveis, PlanoCorteFiltroDC, MaxRegistros FROM configuracaosistema LIMIT 1
[DB] 🔴 ERROR: Unknown column 'PlanoCorteFiltroDC' in 'field list'
Error: Unknown column 'PlanoCorteFiltroDC' in 'field list'
    at PromisePool.execute (C:\SincoWeb\SINCO-WEB\SINCO-WEB\node_modules\mysql2\lib\promise\pool.js:54:22)
    at Object.execute (C:\SincoWeb\SINCO-WEB\SINCO-WEB\src\config\db.js:94:31)
    at C:\SincoWeb\SINCO-WEB\SINCO-WEB\src\server.js:6530:35
    at Layer.handleRequest (C:\SincoWeb\SINCO-WEB\SINCO-WEB\node_modules\router\lib\layer.js:152:17)
    at next (C:\SincoWeb\SINCO-WEB\SINCO-WEB\node_modules\router\lib\route.js:157:13)
    at Route.dispatch (C:\SincoWeb\SINCO-WEB\SINCO-WEB\node_modules\router\lib\route.js:117:3)
    at handle (C:\SincoWeb\SINCO-WEB\SINCO-WEB\node_modules\router\index.js:435:11)
    at Layer.handleRequest (C:\SincoWeb\SINCO-WEB\SINCO-WEB\node_modules\router\lib\layer.js:152:17)
    at C:\SincoWeb\SINCO-WEB\SINCO-WEB\node_modules\router\index.js:295:15
    at processParams (C:\SincoWeb\SINCO-WEB\SINCO-WEB\node_modules\router\index.js:582:12)
    at next (C:\SincoWeb\SINCO-WEB\SINCO-WEB\node_modules\router\index.js:291:5)
    at C:\SincoWeb\SINCO-WEB\SINCO-WEB\src\middleware\tenant.js:60:13
    at AsyncLocalStorage.run (node:internal/async_local_storage/async_context_frame:63:14)
    at tenantMiddleware (C:\SincoWeb\SINCO-WEB\SINCO-WEB\src\middleware\tenant.js:59:30)
    at Layer.handleRequest (C:\SincoWeb\SINCO-WEB\SINCO-WEB\node_modules\router\lib\layer.js:152:17)
    at trimPrefix (C:\SincoWeb\SINCO-WEB\SINCO-WEB\node_modules\router\index.js:342:13) {
  code: 'ER_BAD_FIELD_ERROR',
  errno: 1054,
  sql: 'SELECT RestringirApontamentoSemSaldoAnterior, ProcessosVisiveis, PlanoCorteFiltroDC, MaxRegistros FROM configuracaosistema LIMIT 1',
  sqlState: '42S22',
  sqlMessage: "Unknown column 'PlanoCorteFiltroDC' in 'field list'"
}
Config error: Error: Unknown column 'PlanoCorteFiltroDC' in 'field list'
    at PromisePool.execute (C:\SincoWeb\SINCO-WEB\SINCO-WEB\node_modules\mysql2\lib\promise\pool.js:54:22)
    at Object.execute (C:\SincoWeb\SINCO-WEB\SINCO-WEB\src\config\db.js:94:31)
    at C:\SincoWeb\SINCO-WEB\SINCO-WEB\src\server.js:6530:35
    at Layer.handleRequest (C:\SincoWeb\SINCO-WEB\SINCO-WEB\node_modules\router\lib\layer.js:152:17)
    at next (C:\SincoWeb\SINCO-WEB\SINCO-WEB\node_modules\router\lib\route.js:157:13)
    at Route.dispatch (C:\SincoWeb\SINCO-WEB\SINCO-WEB\node_modules\router\lib\route.js:117:3)
    at handle (C:\SincoWeb\SINCO-WEB\SINCO-WEB\node_modules\router\index.js:435:11)
    at Layer.handleRequest (C:\SincoWeb\SINCO-WEB\SINCO-WEB\node_modules\router\lib\layer.js:152:17)
    at C:\SincoWeb\SINCO-WEB\SINCO-WEB\node_modules\router\index.js:295:15
    at processParams (C:\SincoWeb\SINCO-WEB\SINCO-WEB\node_modules\router\index.js:582:12)
    at next (C:\SincoWeb\SINCO-WEB\SINCO-WEB\node_modules\router\index.js:291:5)
    at C:\SincoWeb\SINCO-WEB\SINCO-WEB\src\middleware\tenant.js:60:13
    at AsyncLocalStorage.run (node:internal/async_local_storage/async_context_frame:63:14)
    at tenantMiddleware (C:\SincoWeb\SINCO-WEB\SINCO-WEB\src\middleware\tenant.js:59:30)
    at Layer.handleRequest (C:\SincoWeb\SINCO-WEB\SINCO-WEB\node_modules\router\lib\layer.js:152:17)
    at trimPrefix (C:\SincoWeb\SINCO-WEB\SINCO-WEB\node_modules\router\index.js:342:13) {
  code: 'ER_BAD_FIELD_ERROR',
  errno: 1054,
  sql: 'SELECT RestringirApontamentoSemSaldoAnterior, ProcessosVisiveis, PlanoCorteFiltroDC, MaxRegistros FROM configuracaosistema LIMIT 1',
  sqlState: '42S22',
  sqlMessage: "Unknown column 'PlanoCorteFiltroDC' in 'field list'"
}
[API] 500 (26ms)

[API] GET /api/config/menu

[DB] 🟡 EXEC: SELECT MenuStructure FROM configuracaosistema LIMIT 1
[DB] [lynxlocal] 🟢 OK (23ms) - Rows/Affected: 1
[API] 304 (26ms)

[API] GET /api/dashboard/stats

[DB] 🟡 EXEC: SELECT COUNT(*) as total FROM pessoajuridica WHERE D_E_L_E_T_E IS NULL OR D_E_L_E_T_E != '*'

[API] GET /api/config/menu

[DB] 🟡 EXEC: SELECT MenuStructure FROM configuracaosistema LIMIT 1

[API] GET /api/config

[DB] 🟡 EXEC: SELECT RestringirApontamentoSemSaldoAnterior, ProcessosVisiveis, PlanoCorteFiltroDC, MaxRegistros FROM configuracaosistema LIMIT 1
[DB] 🔴 ERROR: Unknown column 'PlanoCorteFiltroDC' in 'field list'
Error: Unknown column 'PlanoCorteFiltroDC' in 'field list'
    at PromisePool.execute (C:\SincoWeb\SINCO-WEB\SINCO-WEB\node_modules\mysql2\lib\promise\pool.js:54:22)
    at Object.execute (C:\SincoWeb\SINCO-WEB\SINCO-WEB\src\config\db.js:94:31)
    at C:\SincoWeb\SINCO-WEB\SINCO-WEB\src\server.js:6530:35
    at Layer.handleRequest (C:\SincoWeb\SINCO-WEB\SINCO-WEB\node_modules\router\lib\layer.js:152:17)
    at next (C:\SincoWeb\SINCO-WEB\SINCO-WEB\node_modules\router\lib\route.js:157:13)
    at Route.dispatch (C:\SincoWeb\SINCO-WEB\SINCO-WEB\node_modules\router\lib\route.js:117:3)
    at handle (C:\SincoWeb\SINCO-WEB\SINCO-WEB\node_modules\router\index.js:435:11)
    at Layer.handleRequest (C:\SincoWeb\SINCO-WEB\SINCO-WEB\node_modules\router\lib\layer.js:152:17)
    at C:\SincoWeb\SINCO-WEB\SINCO-WEB\node_modules\router\index.js:295:15
    at processParams (C:\SincoWeb\SINCO-WEB\SINCO-WEB\node_modules\router\index.js:582:12)
    at next (C:\SincoWeb\SINCO-WEB\SINCO-WEB\node_modules\router\index.js:291:5)
    at C:\SincoWeb\SINCO-WEB\SINCO-WEB\src\middleware\tenant.js:60:13
    at AsyncLocalStorage.run (node:internal/async_local_storage/async_context_frame:63:14)
    at tenantMiddleware (C:\SincoWeb\SINCO-WEB\SINCO-WEB\src\middleware\tenant.js:59:30)
    at Layer.handleRequest (C:\SincoWeb\SINCO-WEB\SINCO-WEB\node_modules\router\lib\layer.js:152:17)
    at trimPrefix (C:\SincoWeb\SINCO-WEB\SINCO-WEB\node_modules\router\index.js:342:13) {
  code: 'ER_BAD_FIELD_ERROR',
  errno: 1054,
  sql: 'SELECT RestringirApontamentoSemSaldoAnterior, ProcessosVisiveis, PlanoCorteFiltroDC, MaxRegistros FROM configuracaosistema LIMIT 1',
  sqlState: '42S22',
  sqlMessage: "Unknown column 'PlanoCorteFiltroDC' in 'field list'"
}
Config error: Error: Unknown column 'PlanoCorteFiltroDC' in 'field list'
    at PromisePool.execute (C:\SincoWeb\SINCO-WEB\SINCO-WEB\node_modules\mysql2\lib\promise\pool.js:54:22)
    at Object.execute (C:\SincoWeb\SINCO-WEB\SINCO-WEB\src\config\db.js:94:31)
    at C:\SincoWeb\SINCO-WEB\SINCO-WEB\src\server.js:6530:35
    at Layer.handleRequest (C:\SincoWeb\SINCO-WEB\SINCO-WEB\node_modules\router\lib\layer.js:152:17)
    at next (C:\SincoWeb\SINCO-WEB\SINCO-WEB\node_modules\router\lib\route.js:157:13)
    at Route.dispatch (C:\SincoWeb\SINCO-WEB\SINCO-WEB\node_modules\router\lib\route.js:117:3)
    at handle (C:\SincoWeb\SINCO-WEB\SINCO-WEB\node_modules\router\index.js:435:11)
    at Layer.handleRequest (C:\SincoWeb\SINCO-WEB\SINCO-WEB\node_modules\router\lib\layer.js:152:17)
    at C:\SincoWeb\SINCO-WEB\SINCO-WEB\node_modules\router\index.js:295:15
    at processParams (C:\SincoWeb\SINCO-WEB\SINCO-WEB\node_modules\router\index.js:582:12)
    at next (C:\SincoWeb\SINCO-WEB\SINCO-WEB\node_modules\router\index.js:291:5)
    at C:\SincoWeb\SINCO-WEB\SINCO-WEB\src\middleware\tenant.js:60:13
    at AsyncLocalStorage.run (node:internal/async_local_storage/async_context_frame:63:14)
    at tenantMiddleware (C:\SincoWeb\SINCO-WEB\SINCO-WEB\src\middleware\tenant.js:59:30)
    at Layer.handleRequest (C:\SincoWeb\SINCO-WEB\SINCO-WEB\node_modules\router\lib\layer.js:152:17)
    at trimPrefix (C:\SincoWeb\SINCO-WEB\SINCO-WEB\node_modules\router\index.js:342:13) {
  code: 'ER_BAD_FIELD_ERROR',
  errno: 1054,
  sql: 'SELECT RestringirApontamentoSemSaldoAnterior, ProcessosVisiveis, PlanoCorteFiltroDC, MaxRegistros FROM configuracaosistema LIMIT 1',
  sqlState: '42S22',
  sqlMessage: "Unknown column 'PlanoCorteFiltroDC' in 'field list'"
}
[API] 500 (147ms)
[DB] [lynxlocal] 🟢 OK (174ms) - Rows/Affected: 1
[API] 304 (177ms)
[DB] [lynxlocal] 🟢 OK (169ms) - Rows/Affected: 1
[API] 304 (172ms)

[API] GET /api/config

[DB] 🟡 EXEC: SELECT RestringirApontamentoSemSaldoAnterior, ProcessosVisiveis, PlanoCorteFiltroDC, MaxRegistros FROM configuracaosistema LIMIT 1

[API] GET /api/config/menu

[DB] 🟡 EXEC: SELECT MenuStructure FROM configuracaosistema LIMIT 1
[DB] 🔴 ERROR: Unknown column 'PlanoCorteFiltroDC' in 'field list'
Error: Unknown column 'PlanoCorteFiltroDC' in 'field list'
    at PromisePool.execute (C:\SincoWeb\SINCO-WEB\SINCO-WEB\node_modules\mysql2\lib\promise\pool.js:54:22)
    at Object.execute (C:\SincoWeb\SINCO-WEB\SINCO-WEB\src\config\db.js:94:31)
    at C:\SincoWeb\SINCO-WEB\SINCO-WEB\src\server.js:6530:35
    at Layer.handleRequest (C:\SincoWeb\SINCO-WEB\SINCO-WEB\node_modules\router\lib\layer.js:152:17)
    at next (C:\SincoWeb\SINCO-WEB\SINCO-WEB\node_modules\router\lib\route.js:157:13)
    at Route.dispatch (C:\SincoWeb\SINCO-WEB\SINCO-WEB\node_modules\router\lib\route.js:117:3)
    at handle (C:\SincoWeb\SINCO-WEB\SINCO-WEB\node_modules\router\index.js:435:11)
    at Layer.handleRequest (C:\SincoWeb\SINCO-WEB\SINCO-WEB\node_modules\router\lib\layer.js:152:17)
    at C:\SincoWeb\SINCO-WEB\SINCO-WEB\node_modules\router\index.js:295:15
    at processParams (C:\SincoWeb\SINCO-WEB\SINCO-WEB\node_modules\router\index.js:582:12)
    at next (C:\SincoWeb\SINCO-WEB\SINCO-WEB\node_modules\router\index.js:291:5)
    at C:\SincoWeb\SINCO-WEB\SINCO-WEB\src\middleware\tenant.js:60:13
    at AsyncLocalStorage.run (node:internal/async_local_storage/async_context_frame:63:14)
    at tenantMiddleware (C:\SincoWeb\SINCO-WEB\SINCO-WEB\src\middleware\tenant.js:59:30)
    at Layer.handleRequest (C:\SincoWeb\SINCO-WEB\SINCO-WEB\node_modules\router\lib\layer.js:152:17)
    at trimPrefix (C:\SincoWeb\SINCO-WEB\SINCO-WEB\node_modules\router\index.js:342:13) {
  code: 'ER_BAD_FIELD_ERROR',
  errno: 1054,
  sql: 'SELECT RestringirApontamentoSemSaldoAnterior, ProcessosVisiveis, PlanoCorteFiltroDC, MaxRegistros FROM configuracaosistema LIMIT 1',
  sqlState: '42S22',
  sqlMessage: "Unknown column 'PlanoCorteFiltroDC' in 'field list'"
}
Config error: Error: Unknown column 'PlanoCorteFiltroDC' in 'field list'
    at PromisePool.execute (C:\SincoWeb\SINCO-WEB\SINCO-WEB\node_modules\mysql2\lib\promise\pool.js:54:22)
    at Object.execute (C:\SincoWeb\SINCO-WEB\SINCO-WEB\src\config\db.js:94:31)
    at C:\SincoWeb\SINCO-WEB\SINCO-WEB\src\server.js:6530:35
    at Layer.handleRequest (C:\SincoWeb\SINCO-WEB\SINCO-WEB\node_modules\router\lib\layer.js:152:17)
    at next (C:\SincoWeb\SINCO-WEB\SINCO-WEB\node_modules\router\lib\route.js:157:13)
    at Route.dispatch (C:\SincoWeb\SINCO-WEB\SINCO-WEB\node_modules\router\lib\route.js:117:3)
    at handle (C:\SincoWeb\SINCO-WEB\SINCO-WEB\node_modules\router\index.js:435:11)
    at Layer.handleRequest (C:\SincoWeb\SINCO-WEB\SINCO-WEB\node_modules\router\lib\layer.js:152:17)
    at C:\SincoWeb\SINCO-WEB\SINCO-WEB\node_modules\router\index.js:295:15
    at processParams (C:\SincoWeb\SINCO-WEB\SINCO-WEB\node_modules\router\index.js:582:12)
    at next (C:\SincoWeb\SINCO-WEB\SINCO-WEB\node_modules\router\index.js:291:5)
    at C:\SincoWeb\SINCO-WEB\SINCO-WEB\src\middleware\tenant.js:60:13
    at AsyncLocalStorage.run (node:internal/async_local_storage/async_context_frame:63:14)
    at tenantMiddleware (C:\SincoWeb\SINCO-WEB\SINCO-WEB\src\middleware\tenant.js:59:30)
    at Layer.handleRequest (C:\SincoWeb\SINCO-WEB\SINCO-WEB\node_modules\router\lib\layer.js:152:17)
    at trimPrefix (C:\SincoWeb\SINCO-WEB\SINCO-WEB\node_modules\router\index.js:342:13) {
  code: 'ER_BAD_FIELD_ERROR',
  errno: 1054,
  sql: 'SELECT RestringirApontamentoSemSaldoAnterior, ProcessosVisiveis, PlanoCorteFiltroDC, MaxRegistros FROM configuracaosistema LIMIT 1',
  sqlState: '42S22',
  sqlMessage: "Unknown column 'PlanoCorteFiltroDC' in 'field list'"
}
[API] 500 (28ms)
[DB] [lynxlocal] 🟢 OK (43ms) - Rows/Affected: 1
[API] 304 (47ms)

[API] GET /api/config

[DB] 🟡 EXEC: SELECT RestringirApontamentoSemSaldoAnterior, ProcessosVisiveis, PlanoCorteFiltroDC, MaxRegistros FROM configuracaosistema LIMIT 1
[DB] 🔴 ERROR: Unknown column 'PlanoCorteFiltroDC' in 'field list'
Error: Unknown column 'PlanoCorteFiltroDC' in 'field list'
    at PromisePool.execute (C:\SincoWeb\SINCO-WEB\SINCO-WEB\node_modules\mysql2\lib\promise\pool.js:54:22)
    at Object.execute (C:\SincoWeb\SINCO-WEB\SINCO-WEB\src\config\db.js:94:31)
    at C:\SincoWeb\SINCO-WEB\SINCO-WEB\src\server.js:6530:35
    at Layer.handleRequest (C:\SincoWeb\SINCO-WEB\SINCO-WEB\node_modules\router\lib\layer.js:152:17)
    at next (C:\SincoWeb\SINCO-WEB\SINCO-WEB\node_modules\router\lib\route.js:157:13)
    at Route.dispatch (C:\SincoWeb\SINCO-WEB\SINCO-WEB\node_modules\router\lib\route.js:117:3)
    at handle (C:\SincoWeb\SINCO-WEB\SINCO-WEB\node_modules\router\index.js:435:11)
    at Layer.handleRequest (C:\SincoWeb\SINCO-WEB\SINCO-WEB\node_modules\router\lib\layer.js:152:17)
    at C:\SincoWeb\SINCO-WEB\SINCO-WEB\node_modules\router\index.js:295:15
    at processParams (C:\SincoWeb\SINCO-WEB\SINCO-WEB\node_modules\router\index.js:582:12)
    at next (C:\SincoWeb\SINCO-WEB\SINCO-WEB\node_modules\router\index.js:291:5)
    at C:\SincoWeb\SINCO-WEB\SINCO-WEB\src\middleware\tenant.js:60:13
    at AsyncLocalStorage.run (node:internal/async_local_storage/async_context_frame:63:14)
    at tenantMiddleware (C:\SincoWeb\SINCO-WEB\SINCO-WEB\src\middleware\tenant.js:59:30)
    at Layer.handleRequest (C:\SincoWeb\SINCO-WEB\SINCO-WEB\node_modules\router\lib\layer.js:152:17)
    at trimPrefix (C:\SincoWeb\SINCO-WEB\SINCO-WEB\node_modules\router\index.js:342:13) {
  code: 'ER_BAD_FIELD_ERROR',
  errno: 1054,
  sql: 'SELECT RestringirApontamentoSemSaldoAnterior, ProcessosVisiveis, PlanoCorteFiltroDC, MaxRegistros FROM configuracaosistema LIMIT 1',
  sqlState: '42S22',
  sqlMessage: "Unknown column 'PlanoCorteFiltroDC' in 'field list'"
}
Config error: Error: Unknown column 'PlanoCorteFiltroDC' in 'field list'
    at PromisePool.execute (C:\SincoWeb\SINCO-WEB\SINCO-WEB\node_modules\mysql2\lib\promise\pool.js:54:22)
    at Object.execute (C:\SincoWeb\SINCO-WEB\SINCO-WEB\src\config\db.js:94:31)
    at C:\SincoWeb\SINCO-WEB\SINCO-WEB\src\server.js:6530:35
    at Layer.handleRequest (C:\SincoWeb\SINCO-WEB\SINCO-WEB\node_modules\router\lib\layer.js:152:17)
    at next (C:\SincoWeb\SINCO-WEB\SINCO-WEB\node_modules\router\lib\route.js:157:13)
    at Route.dispatch (C:\SincoWeb\SINCO-WEB\SINCO-WEB\node_modules\router\lib\route.js:117:3)
    at handle (C:\SincoWeb\SINCO-WEB\SINCO-WEB\node_modules\router\index.js:435:11)
    at Layer.handleRequest (C:\SincoWeb\SINCO-WEB\SINCO-WEB\node_modules\router\lib\layer.js:152:17)
    at C:\SincoWeb\SINCO-WEB\SINCO-WEB\node_modules\router\index.js:295:15
    at processParams (C:\SincoWeb\SINCO-WEB\SINCO-WEB\node_modules\router\index.js:582:12)
    at next (C:\SincoWeb\SINCO-WEB\SINCO-WEB\node_modules\router\index.js:291:5)
    at C:\SincoWeb\SINCO-WEB\SINCO-WEB\src\middleware\tenant.js:60:13
    at AsyncLocalStorage.run (node:internal/async_local_storage/async_context_frame:63:14)
    at tenantMiddleware (C:\SincoWeb\SINCO-WEB\SINCO-WEB\src\middleware\tenant.js:59:30)
    at Layer.handleRequest (C:\SincoWeb\SINCO-WEB\SINCO-WEB\node_modules\router\lib\layer.js:152:17)
    at trimPrefix (C:\SincoWeb\SINCO-WEB\SINCO-WEB\node_modules\router\index.js:342:13) {
  code: 'ER_BAD_FIELD_ERROR',
  errno: 1054,
  sql: 'SELECT RestringirApontamentoSemSaldoAnterior, ProcessosVisiveis, PlanoCorteFiltroDC, MaxRegistros FROM configuracaosistema LIMIT 1',
  sqlState: '42S22',
  sqlMessage: "Unknown column 'PlanoCorteFiltroDC' in 'field list'"
}
[API] 500 (25ms)

[API] GET /api/config/menu

[DB] 🟡 EXEC: SELECT MenuStructure FROM configuracaosistema LIMIT 1
[DB] [lynxlocal] 🟢 OK (22ms) - Rows/Affected: 1
[API] 304 (24ms)

[API] GET /api/config

[DB] 🟡 EXEC: SELECT RestringirApontamentoSemSaldoAnterior, ProcessosVisiveis, PlanoCorteFiltroDC, MaxRegistros FROM configuracaosistema LIMIT 1

[API] GET /api/config/menu

[DB] 🟡 EXEC: SELECT MenuStructure FROM configuracaosistema LIMIT 1
[DB] 🔴 ERROR: Unknown column 'PlanoCorteFiltroDC' in 'field list'
Error: Unknown column 'PlanoCorteFiltroDC' in 'field list'
    at PromisePool.execute (C:\SincoWeb\SINCO-WEB\SINCO-WEB\node_modules\mysql2\lib\promise\pool.js:54:22)
    at Object.execute (C:\SincoWeb\SINCO-WEB\SINCO-WEB\src\config\db.js:94:31)
    at C:\SincoWeb\SINCO-WEB\SINCO-WEB\src\server.js:6530:35
    at Layer.handleRequest (C:\SincoWeb\SINCO-WEB\SINCO-WEB\node_modules\router\lib\layer.js:152:17)
    at next (C:\SincoWeb\SINCO-WEB\SINCO-WEB\node_modules\router\lib\route.js:157:13)
    at Route.dispatch (C:\SincoWeb\SINCO-WEB\SINCO-WEB\node_modules\router\lib\route.js:117:3)
    at handle (C:\SincoWeb\SINCO-WEB\SINCO-WEB\node_modules\router\index.js:435:11)
    at Layer.handleRequest (C:\SincoWeb\SINCO-WEB\SINCO-WEB\node_modules\router\lib\layer.js:152:17)
    at C:\SincoWeb\SINCO-WEB\SINCO-WEB\node_modules\router\index.js:295:15
    at processParams (C:\SincoWeb\SINCO-WEB\SINCO-WEB\node_modules\router\index.js:582:12)
    at next (C:\SincoWeb\SINCO-WEB\SINCO-WEB\node_modules\router\index.js:291:5)
    at C:\SincoWeb\SINCO-WEB\SINCO-WEB\src\middleware\tenant.js:60:13
    at AsyncLocalStorage.run (node:internal/async_local_storage/async_context_frame:63:14)
    at tenantMiddleware (C:\SincoWeb\SINCO-WEB\SINCO-WEB\src\middleware\tenant.js:59:30)
    at Layer.handleRequest (C:\SincoWeb\SINCO-WEB\SINCO-WEB\node_modules\router\lib\layer.js:152:17)
    at trimPrefix (C:\SincoWeb\SINCO-WEB\SINCO-WEB\node_modules\router\index.js:342:13) {
  code: 'ER_BAD_FIELD_ERROR',
  errno: 1054,
  sql: 'SELECT RestringirApontamentoSemSaldoAnterior, ProcessosVisiveis, PlanoCorteFiltroDC, MaxRegistros FROM configuracaosistema LIMIT 1',
  sqlState: '42S22',
  sqlMessage: "Unknown column 'PlanoCorteFiltroDC' in 'field list'"
}
Config error: Error: Unknown column 'PlanoCorteFiltroDC' in 'field list'
    at PromisePool.execute (C:\SincoWeb\SINCO-WEB\SINCO-WEB\node_modules\mysql2\lib\promise\pool.js:54:22)
    at Object.execute (C:\SincoWeb\SINCO-WEB\SINCO-WEB\src\config\db.js:94:31)
    at C:\SincoWeb\SINCO-WEB\SINCO-WEB\src\server.js:6530:35
    at Layer.handleRequest (C:\SincoWeb\SINCO-WEB\SINCO-WEB\node_modules\router\lib\layer.js:152:17)
    at next (C:\SincoWeb\SINCO-WEB\SINCO-WEB\node_modules\router\lib\route.js:157:13)
    at Route.dispatch (C:\SincoWeb\SINCO-WEB\SINCO-WEB\node_modules\router\lib\route.js:117:3)
    at handle (C:\SincoWeb\SINCO-WEB\SINCO-WEB\node_modules\router\index.js:435:11)
    at Layer.handleRequest (C:\SincoWeb\SINCO-WEB\SINCO-WEB\node_modules\router\lib\layer.js:152:17)
    at C:\SincoWeb\SINCO-WEB\SINCO-WEB\node_modules\router\index.js:295:15
    at processParams (C:\SincoWeb\SINCO-WEB\SINCO-WEB\node_modules\router\index.js:582:12)
    at next (C:\SincoWeb\SINCO-WEB\SINCO-WEB\node_modules\router\index.js:291:5)
    at C:\SincoWeb\SINCO-WEB\SINCO-WEB\src\middleware\tenant.js:60:13
    at AsyncLocalStorage.run (node:internal/async_local_storage/async_context_frame:63:14)
    at tenantMiddleware (C:\SincoWeb\SINCO-WEB\SINCO-WEB\src\middleware\tenant.js:59:30)
    at Layer.handleRequest (C:\SincoWeb\SINCO-WEB\SINCO-WEB\node_modules\router\lib\layer.js:152:17)
    at trimPrefix (C:\SincoWeb\SINCO-WEB\SINCO-WEB\node_modules\router\index.js:342:13) {
  code: 'ER_BAD_FIELD_ERROR',
  errno: 1054,
  sql: 'SELECT RestringirApontamentoSemSaldoAnterior, ProcessosVisiveis, PlanoCorteFiltroDC, MaxRegistros FROM configuracaosistema LIMIT 1',
  sqlState: '42S22',
  sqlMessage: "Unknown column 'PlanoCorteFiltroDC' in 'field list'"
}
[API] 500 (29ms)
[DB] [lynxlocal] 🟢 OK (25ms) - Rows/Affected: 1
[API] 304 (28ms)

[API] GET /api/dashboard/stats

[DB] 🟡 EXEC: SELECT COUNT(*) as total FROM pessoajuridica WHERE D_E_L_E_T_E IS NULL OR D_E_L_E_T_E != '*'

[API] GET /api/config/menu

[DB] 🟡 EXEC: SELECT MenuStructure FROM configuracaosistema LIMIT 1

[API] GET /api/config

[DB] 🟡 EXEC: SELECT RestringirApontamentoSemSaldoAnterior, ProcessosVisiveis, PlanoCorteFiltroDC, MaxRegistros FROM configuracaosistema LIMIT 1
[DB] [lynxlocal] 🟢 OK (27ms) - Rows/Affected: 1
[API] 304 (31ms)

[API] GET /api/config/menu

[DB] 🟡 EXEC: SELECT MenuStructure FROM configuracaosistema LIMIT 1
[DB] 🔴 ERROR: Unknown column 'PlanoCorteFiltroDC' in 'field list'
Error: Unknown column 'PlanoCorteFiltroDC' in 'field list'
    at PromisePool.execute (C:\SincoWeb\SINCO-WEB\SINCO-WEB\node_modules\mysql2\lib\promise\pool.js:54:22)
    at Object.execute (C:\SincoWeb\SINCO-WEB\SINCO-WEB\src\config\db.js:94:31)
    at C:\SincoWeb\SINCO-WEB\SINCO-WEB\src\server.js:6530:35
    at Layer.handleRequest (C:\SincoWeb\SINCO-WEB\SINCO-WEB\node_modules\router\lib\layer.js:152:17)
    at next (C:\SincoWeb\SINCO-WEB\SINCO-WEB\node_modules\router\lib\route.js:157:13)
    at Route.dispatch (C:\SincoWeb\SINCO-WEB\SINCO-WEB\node_modules\router\lib\route.js:117:3)
    at handle (C:\SincoWeb\SINCO-WEB\SINCO-WEB\node_modules\router\index.js:435:11)
    at Layer.handleRequest (C:\SincoWeb\SINCO-WEB\SINCO-WEB\node_modules\router\lib\layer.js:152:17)
    at C:\SincoWeb\SINCO-WEB\SINCO-WEB\node_modules\router\index.js:295:15
    at processParams (C:\SincoWeb\SINCO-WEB\SINCO-WEB\node_modules\router\index.js:582:12)
    at next (C:\SincoWeb\SINCO-WEB\SINCO-WEB\node_modules\router\index.js:291:5)
    at C:\SincoWeb\SINCO-WEB\SINCO-WEB\src\middleware\tenant.js:60:13
    at AsyncLocalStorage.run (node:internal/async_local_storage/async_context_frame:63:14)
    at tenantMiddleware (C:\SincoWeb\SINCO-WEB\SINCO-WEB\src\middleware\tenant.js:59:30)
    at Layer.handleRequest (C:\SincoWeb\SINCO-WEB\SINCO-WEB\node_modules\router\lib\layer.js:152:17)
    at trimPrefix (C:\SincoWeb\SINCO-WEB\SINCO-WEB\node_modules\router\index.js:342:13) {
  code: 'ER_BAD_FIELD_ERROR',
  errno: 1054,
  sql: 'SELECT RestringirApontamentoSemSaldoAnterior, ProcessosVisiveis, PlanoCorteFiltroDC, MaxRegistros FROM configuracaosistema LIMIT 1',
  sqlState: '42S22',
  sqlMessage: "Unknown column 'PlanoCorteFiltroDC' in 'field list'"
}
Config error: Error: Unknown column 'PlanoCorteFiltroDC' in 'field list'
    at PromisePool.execute (C:\SincoWeb\SINCO-WEB\SINCO-WEB\node_modules\mysql2\lib\promise\pool.js:54:22)
    at Object.execute (C:\SincoWeb\SINCO-WEB\SINCO-WEB\src\config\db.js:94:31)
    at C:\SincoWeb\SINCO-WEB\SINCO-WEB\src\server.js:6530:35
    at Layer.handleRequest (C:\SincoWeb\SINCO-WEB\SINCO-WEB\node_modules\router\lib\layer.js:152:17)
    at next (C:\SincoWeb\SINCO-WEB\SINCO-WEB\node_modules\router\lib\route.js:157:13)
    at Route.dispatch (C:\SincoWeb\SINCO-WEB\SINCO-WEB\node_modules\router\lib\route.js:117:3)
    at handle (C:\SincoWeb\SINCO-WEB\SINCO-WEB\node_modules\router\index.js:435:11)
    at Layer.handleRequest (C:\SincoWeb\SINCO-WEB\SINCO-WEB\node_modules\router\lib\layer.js:152:17)
    at C:\SincoWeb\SINCO-WEB\SINCO-WEB\node_modules\router\index.js:295:15
    at processParams (C:\SincoWeb\SINCO-WEB\SINCO-WEB\node_modules\router\index.js:582:12)
    at next (C:\SincoWeb\SINCO-WEB\SINCO-WEB\node_modules\router\index.js:291:5)
    at C:\SincoWeb\SINCO-WEB\SINCO-WEB\src\middleware\tenant.js:60:13
    at AsyncLocalStorage.run (node:internal/async_local_storage/async_context_frame:63:14)
    at tenantMiddleware (C:\SincoWeb\SINCO-WEB\SINCO-WEB\src\middleware\tenant.js:59:30)
    at Layer.handleRequest (C:\SincoWeb\SINCO-WEB\SINCO-WEB\node_modules\router\lib\layer.js:152:17)
    at trimPrefix (C:\SincoWeb\SINCO-WEB\SINCO-WEB\node_modules\router\index.js:342:13) {
  code: 'ER_BAD_FIELD_ERROR',
  errno: 1054,
  sql: 'SELECT RestringirApontamentoSemSaldoAnterior, ProcessosVisiveis, PlanoCorteFiltroDC, MaxRegistros FROM configuracaosistema LIMIT 1',
  sqlState: '42S22',
  sqlMessage: "Unknown column 'PlanoCorteFiltroDC' in 'field list'"
}
[API] 500 (26ms)
[DB] [lynxlocal] 🟢 OK (52ms) - Rows/Affected: 1
[API] 304 (57ms)

[API] GET /api/dashboard/stats

[DB] 🟡 EXEC: SELECT COUNT(*) as total FROM pessoajuridica WHERE D_E_L_E_T_E IS NULL OR D_E_L_E_T_E != '*'
[DB] [lynxlocal] 🟢 OK (22ms) - Rows/Affected: 1
[API] 304 (26ms)
[DB] [lynxlocal] 🟢 OK (23ms) - Rows/Affected: 1
[API] 304 (25ms)

[API] GET /api/config

[DB] 🟡 EXEC: SELECT RestringirApontamentoSemSaldoAnterior, ProcessosVisiveis, PlanoCorteFiltroDC, MaxRegistros FROM configuracaosistema LIMIT 1

[API] GET /api/config/menu

[DB] 🟡 EXEC: SELECT MenuStructure FROM configuracaosistema LIMIT 1
[DB] [lynxlocal] 🟢 OK (26ms) - Rows/Affected: 1
[API] 304 (29ms)
[DB] 🔴 ERROR: Unknown column 'PlanoCorteFiltroDC' in 'field list'
Error: Unknown column 'PlanoCorteFiltroDC' in 'field list'
    at PromisePool.execute (C:\SincoWeb\SINCO-WEB\SINCO-WEB\node_modules\mysql2\lib\promise\pool.js:54:22)
    at Object.execute (C:\SincoWeb\SINCO-WEB\SINCO-WEB\src\config\db.js:94:31)
    at C:\SincoWeb\SINCO-WEB\SINCO-WEB\src\server.js:6530:35
    at Layer.handleRequest (C:\SincoWeb\SINCO-WEB\SINCO-WEB\node_modules\router\lib\layer.js:152:17)
    at next (C:\SincoWeb\SINCO-WEB\SINCO-WEB\node_modules\router\lib\route.js:157:13)
    at Route.dispatch (C:\SincoWeb\SINCO-WEB\SINCO-WEB\node_modules\router\lib\route.js:117:3)
    at handle (C:\SincoWeb\SINCO-WEB\SINCO-WEB\node_modules\router\index.js:435:11)
    at Layer.handleRequest (C:\SincoWeb\SINCO-WEB\SINCO-WEB\node_modules\router\lib\layer.js:152:17)
    at C:\SincoWeb\SINCO-WEB\SINCO-WEB\node_modules\router\index.js:295:15
    at processParams (C:\SincoWeb\SINCO-WEB\SINCO-WEB\node_modules\router\index.js:582:12)
    at next (C:\SincoWeb\SINCO-WEB\SINCO-WEB\node_modules\router\index.js:291:5)
    at C:\SincoWeb\SINCO-WEB\SINCO-WEB\src\middleware\tenant.js:60:13
    at AsyncLocalStorage.run (node:internal/async_local_storage/async_context_frame:63:14)
    at tenantMiddleware (C:\SincoWeb\SINCO-WEB\SINCO-WEB\src\middleware\tenant.js:59:30)
    at Layer.handleRequest (C:\SincoWeb\SINCO-WEB\SINCO-WEB\node_modules\router\lib\layer.js:152:17)
    at trimPrefix (C:\SincoWeb\SINCO-WEB\SINCO-WEB\node_modules\router\index.js:342:13) {
  code: 'ER_BAD_FIELD_ERROR',
  errno: 1054,
  sql: 'SELECT RestringirApontamentoSemSaldoAnterior, ProcessosVisiveis, PlanoCorteFiltroDC, MaxRegistros FROM configuracaosistema LIMIT 1',
  sqlState: '42S22',
  sqlMessage: "Unknown column 'PlanoCorteFiltroDC' in 'field list'"
}
Config error: Error: Unknown column 'PlanoCorteFiltroDC' in 'field list'
    at PromisePool.execute (C:\SincoWeb\SINCO-WEB\SINCO-WEB\node_modules\mysql2\lib\promise\pool.js:54:22)
    at Object.execute (C:\SincoWeb\SINCO-WEB\SINCO-WEB\src\config\db.js:94:31)
    at C:\SincoWeb\SINCO-WEB\SINCO-WEB\src\server.js:6530:35
    at Layer.handleRequest (C:\SincoWeb\SINCO-WEB\SINCO-WEB\node_modules\router\lib\layer.js:152:17)
    at next (C:\SincoWeb\SINCO-WEB\SINCO-WEB\node_modules\router\lib\route.js:157:13)
    at Route.dispatch (C:\SincoWeb\SINCO-WEB\SINCO-WEB\node_modules\router\lib\route.js:117:3)
    at handle (C:\SincoWeb\SINCO-WEB\SINCO-WEB\node_modules\router\index.js:435:11)
    at Layer.handleRequest (C:\SincoWeb\SINCO-WEB\SINCO-WEB\node_modules\router\lib\layer.js:152:17)
    at C:\SincoWeb\SINCO-WEB\SINCO-WEB\node_modules\router\index.js:295:15
    at processParams (C:\SincoWeb\SINCO-WEB\SINCO-WEB\node_modules\router\index.js:582:12)
    at next (C:\SincoWeb\SINCO-WEB\SINCO-WEB\node_modules\router\index.js:291:5)
    at C:\SincoWeb\SINCO-WEB\SINCO-WEB\src\middleware\tenant.js:60:13
    at AsyncLocalStorage.run (node:internal/async_local_storage/async_context_frame:63:14)
    at tenantMiddleware (C:\SincoWeb\SINCO-WEB\SINCO-WEB\src\middleware\tenant.js:59:30)
    at Layer.handleRequest (C:\SincoWeb\SINCO-WEB\SINCO-WEB\node_modules\router\lib\layer.js:152:17)
    at trimPrefix (C:\SincoWeb\SINCO-WEB\SINCO-WEB\node_modules\router\index.js:342:13) {
  code: 'ER_BAD_FIELD_ERROR',
  errno: 1054,
  sql: 'SELECT RestringirApontamentoSemSaldoAnterior, ProcessosVisiveis, PlanoCorteFiltroDC, MaxRegistros FROM configuracaosistema LIMIT 1',
  sqlState: '42S22',
  sqlMessage: "Unknown column 'PlanoCorteFiltroDC' in 'field list'"
}
[API] 500 (41ms)

[API] GET /api/config/menu

[DB] 🟡 EXEC: SELECT MenuStructure FROM configuracaosistema LIMIT 1
[DB] [lynxlocal] 🟢 OK (99ms) - Rows/Affected: 1
[API] 304 (102ms)

[API] GET /api/config

[DB] 🟡 EXEC: SELECT RestringirApontamentoSemSaldoAnterior, ProcessosVisiveis, PlanoCorteFiltroDC, MaxRegistros FROM configuracaosistema LIMIT 1
[DB] 🔴 ERROR: Unknown column 'PlanoCorteFiltroDC' in 'field list'
Error: Unknown column 'PlanoCorteFiltroDC' in 'field list'
    at PromisePool.execute (C:\SincoWeb\SINCO-WEB\SINCO-WEB\node_modules\mysql2\lib\promise\pool.js:54:22)
    at Object.execute (C:\SincoWeb\SINCO-WEB\SINCO-WEB\src\config\db.js:94:31)
    at C:\SincoWeb\SINCO-WEB\SINCO-WEB\src\server.js:6530:35
    at Layer.handleRequest (C:\SincoWeb\SINCO-WEB\SINCO-WEB\node_modules\router\lib\layer.js:152:17)
    at next (C:\SincoWeb\SINCO-WEB\SINCO-WEB\node_modules\router\lib\route.js:157:13)
    at Route.dispatch (C:\SincoWeb\SINCO-WEB\SINCO-WEB\node_modules\router\lib\route.js:117:3)
    at handle (C:\SincoWeb\SINCO-WEB\SINCO-WEB\node_modules\router\index.js:435:11)
    at Layer.handleRequest (C:\SincoWeb\SINCO-WEB\SINCO-WEB\node_modules\router\lib\layer.js:152:17)
    at C:\SincoWeb\SINCO-WEB\SINCO-WEB\node_modules\router\index.js:295:15
    at processParams (C:\SincoWeb\SINCO-WEB\SINCO-WEB\node_modules\router\index.js:582:12)
    at next (C:\SincoWeb\SINCO-WEB\SINCO-WEB\node_modules\router\index.js:291:5)
    at C:\SincoWeb\SINCO-WEB\SINCO-WEB\src\middleware\tenant.js:60:13
    at AsyncLocalStorage.run (node:internal/async_local_storage/async_context_frame:63:14)
    at tenantMiddleware (C:\SincoWeb\SINCO-WEB\SINCO-WEB\src\middleware\tenant.js:59:30)
    at Layer.handleRequest (C:\SincoWeb\SINCO-WEB\SINCO-WEB\node_modules\router\lib\layer.js:152:17)
    at trimPrefix (C:\SincoWeb\SINCO-WEB\SINCO-WEB\node_modules\router\index.js:342:13) {
  code: 'ER_BAD_FIELD_ERROR',
  errno: 1054,
  sql: 'SELECT RestringirApontamentoSemSaldoAnterior, ProcessosVisiveis, PlanoCorteFiltroDC, MaxRegistros FROM configuracaosistema LIMIT 1',
  sqlState: '42S22',
  sqlMessage: "Unknown column 'PlanoCorteFiltroDC' in 'field list'"
}
Config error: Error: Unknown column 'PlanoCorteFiltroDC' in 'field list'
    at PromisePool.execute (C:\SincoWeb\SINCO-WEB\SINCO-WEB\node_modules\mysql2\lib\promise\pool.js:54:22)
    at Object.execute (C:\SincoWeb\SINCO-WEB\SINCO-WEB\src\config\db.js:94:31)
    at C:\SincoWeb\SINCO-WEB\SINCO-WEB\src\server.js:6530:35
    at Layer.handleRequest (C:\SincoWeb\SINCO-WEB\SINCO-WEB\node_modules\router\lib\layer.js:152:17)
    at next (C:\SincoWeb\SINCO-WEB\SINCO-WEB\node_modules\router\lib\route.js:157:13)
    at Route.dispatch (C:\SincoWeb\SINCO-WEB\SINCO-WEB\node_modules\router\lib\route.js:117:3)
    at handle (C:\SincoWeb\SINCO-WEB\SINCO-WEB\node_modules\router\index.js:435:11)
    at Layer.handleRequest (C:\SincoWeb\SINCO-WEB\SINCO-WEB\node_modules\router\lib\layer.js:152:17)
    at C:\SincoWeb\SINCO-WEB\SINCO-WEB\node_modules\router\index.js:295:15
    at processParams (C:\SincoWeb\SINCO-WEB\SINCO-WEB\node_modules\router\index.js:582:12)
    at next (C:\SincoWeb\SINCO-WEB\SINCO-WEB\node_modules\router\index.js:291:5)
    at C:\SincoWeb\SINCO-WEB\SINCO-WEB\src\middleware\tenant.js:60:13
    at AsyncLocalStorage.run (node:internal/async_local_storage/async_context_frame:63:14)
    at tenantMiddleware (C:\SincoWeb\SINCO-WEB\SINCO-WEB\src\middleware\tenant.js:59:30)
    at Layer.handleRequest (C:\SincoWeb\SINCO-WEB\SINCO-WEB\node_modules\router\lib\layer.js:152:17)
    at trimPrefix (C:\SincoWeb\SINCO-WEB\SINCO-WEB\node_modules\router\index.js:342:13) {
  code: 'ER_BAD_FIELD_ERROR',
  errno: 1054,
  sql: 'SELECT RestringirApontamentoSemSaldoAnterior, ProcessosVisiveis, PlanoCorteFiltroDC, MaxRegistros FROM configuracaosistema LIMIT 1',
  sqlState: '42S22',
  sqlMessage: "Unknown column 'PlanoCorteFiltroDC' in 'field list'"
}
[API] 500 (26ms)

[API] GET /api/config

[DB] 🟡 EXEC: SELECT RestringirApontamentoSemSaldoAnterior, ProcessosVisiveis, PlanoCorteFiltroDC, MaxRegistros FROM configuracaosistema LIMIT 1
[DB] 🔴 ERROR: Unknown column 'PlanoCorteFiltroDC' in 'field list'
Error: Unknown column 'PlanoCorteFiltroDC' in 'field list'
    at PromisePool.execute (C:\SincoWeb\SINCO-WEB\SINCO-WEB\node_modules\mysql2\lib\promise\pool.js:54:22)
    at Object.execute (C:\SincoWeb\SINCO-WEB\SINCO-WEB\src\config\db.js:94:31)
    at C:\SincoWeb\SINCO-WEB\SINCO-WEB\src\server.js:6530:35
    at Layer.handleRequest (C:\SincoWeb\SINCO-WEB\SINCO-WEB\node_modules\router\lib\layer.js:152:17)
    at next (C:\SincoWeb\SINCO-WEB\SINCO-WEB\node_modules\router\lib\route.js:157:13)
    at Route.dispatch (C:\SincoWeb\SINCO-WEB\SINCO-WEB\node_modules\router\lib\route.js:117:3)
    at handle (C:\SincoWeb\SINCO-WEB\SINCO-WEB\node_modules\router\index.js:435:11)
    at Layer.handleRequest (C:\SincoWeb\SINCO-WEB\SINCO-WEB\node_modules\router\lib\layer.js:152:17)
    at C:\SincoWeb\SINCO-WEB\SINCO-WEB\node_modules\router\index.js:295:15
    at processParams (C:\SincoWeb\SINCO-WEB\SINCO-WEB\node_modules\router\index.js:582:12)
    at next (C:\SincoWeb\SINCO-WEB\SINCO-WEB\node_modules\router\index.js:291:5)
    at C:\SincoWeb\SINCO-WEB\SINCO-WEB\src\middleware\tenant.js:60:13
    at AsyncLocalStorage.run (node:internal/async_local_storage/async_context_frame:63:14)
    at tenantMiddleware (C:\SincoWeb\SINCO-WEB\SINCO-WEB\src\middleware\tenant.js:59:30)
    at Layer.handleRequest (C:\SincoWeb\SINCO-WEB\SINCO-WEB\node_modules\router\lib\layer.js:152:17)
    at trimPrefix (C:\SincoWeb\SINCO-WEB\SINCO-WEB\node_modules\router\index.js:342:13) {
  code: 'ER_BAD_FIELD_ERROR',
  errno: 1054,
  sql: 'SELECT RestringirApontamentoSemSaldoAnterior, ProcessosVisiveis, PlanoCorteFiltroDC, MaxRegistros FROM configuracaosistema LIMIT 1',
  sqlState: '42S22',
  sqlMessage: "Unknown column 'PlanoCorteFiltroDC' in 'field list'"
}
Config error: Error: Unknown column 'PlanoCorteFiltroDC' in 'field list'
    at PromisePool.execute (C:\SincoWeb\SINCO-WEB\SINCO-WEB\node_modules\mysql2\lib\promise\pool.js:54:22)
    at Object.execute (C:\SincoWeb\SINCO-WEB\SINCO-WEB\src\config\db.js:94:31)
    at C:\SincoWeb\SINCO-WEB\SINCO-WEB\src\server.js:6530:35
    at Layer.handleRequest (C:\SincoWeb\SINCO-WEB\SINCO-WEB\node_modules\router\lib\layer.js:152:17)
    at next (C:\SincoWeb\SINCO-WEB\SINCO-WEB\node_modules\router\lib\route.js:157:13)
    at Route.dispatch (C:\SincoWeb\SINCO-WEB\SINCO-WEB\node_modules\router\lib\route.js:117:3)
    at handle (C:\SincoWeb\SINCO-WEB\SINCO-WEB\node_modules\router\index.js:435:11)
    at Layer.handleRequest (C:\SincoWeb\SINCO-WEB\SINCO-WEB\node_modules\router\lib\layer.js:152:17)
    at C:\SincoWeb\SINCO-WEB\SINCO-WEB\node_modules\router\index.js:295:15
    at processParams (C:\SincoWeb\SINCO-WEB\SINCO-WEB\node_modules\router\index.js:582:12)
    at next (C:\SincoWeb\SINCO-WEB\SINCO-WEB\node_modules\router\index.js:291:5)
    at C:\SincoWeb\SINCO-WEB\SINCO-WEB\src\middleware\tenant.js:60:13
    at AsyncLocalStorage.run (node:internal/async_local_storage/async_context_frame:63:14)
    at tenantMiddleware (C:\SincoWeb\SINCO-WEB\SINCO-WEB\src\middleware\tenant.js:59:30)
    at Layer.handleRequest (C:\SincoWeb\SINCO-WEB\SINCO-WEB\node_modules\router\lib\layer.js:152:17)
    at trimPrefix (C:\SincoWeb\SINCO-WEB\SINCO-WEB\node_modules\router\index.js:342:13) {
  code: 'ER_BAD_FIELD_ERROR',
  errno: 1054,
  sql: 'SELECT RestringirApontamentoSemSaldoAnterior, ProcessosVisiveis, PlanoCorteFiltroDC, MaxRegistros FROM configuracaosistema LIMIT 1',
  sqlState: '42S22',
  sqlMessage: "Unknown column 'PlanoCorteFiltroDC' in 'field list'"
}
[API] 500 (32ms)

[API] GET /api/config

[DB] 🟡 EXEC: SELECT RestringirApontamentoSemSaldoAnterior, ProcessosVisiveis, PlanoCorteFiltroDC, MaxRegistros FROM configuracaosistema LIMIT 1
[DB] 🔴 ERROR: Unknown column 'PlanoCorteFiltroDC' in 'field list'
Error: Unknown column 'PlanoCorteFiltroDC' in 'field list'
    at PromisePool.execute (C:\SincoWeb\SINCO-WEB\SINCO-WEB\node_modules\mysql2\lib\promise\pool.js:54:22)
    at Object.execute (C:\SincoWeb\SINCO-WEB\SINCO-WEB\src\config\db.js:94:31)
    at C:\SincoWeb\SINCO-WEB\SINCO-WEB\src\server.js:6530:35
    at Layer.handleRequest (C:\SincoWeb\SINCO-WEB\SINCO-WEB\node_modules\router\lib\layer.js:152:17)
    at next (C:\SincoWeb\SINCO-WEB\SINCO-WEB\node_modules\router\lib\route.js:157:13)
    at Route.dispatch (C:\SincoWeb\SINCO-WEB\SINCO-WEB\node_modules\router\lib\route.js:117:3)
    at handle (C:\SincoWeb\SINCO-WEB\SINCO-WEB\node_modules\router\index.js:435:11)
    at Layer.handleRequest (C:\SincoWeb\SINCO-WEB\SINCO-WEB\node_modules\router\lib\layer.js:152:17)
    at C:\SincoWeb\SINCO-WEB\SINCO-WEB\node_modules\router\index.js:295:15
    at processParams (C:\SincoWeb\SINCO-WEB\SINCO-WEB\node_modules\router\index.js:582:12)
    at next (C:\SincoWeb\SINCO-WEB\SINCO-WEB\node_modules\router\index.js:291:5)
    at C:\SincoWeb\SINCO-WEB\SINCO-WEB\src\middleware\tenant.js:60:13
    at AsyncLocalStorage.run (node:internal/async_local_storage/async_context_frame:63:14)
    at tenantMiddleware (C:\SincoWeb\SINCO-WEB\SINCO-WEB\src\middleware\tenant.js:59:30)
    at Layer.handleRequest (C:\SincoWeb\SINCO-WEB\SINCO-WEB\node_modules\router\lib\layer.js:152:17)
    at trimPrefix (C:\SincoWeb\SINCO-WEB\SINCO-WEB\node_modules\router\index.js:342:13) {
  code: 'ER_BAD_FIELD_ERROR',
  errno: 1054,
  sql: 'SELECT RestringirApontamentoSemSaldoAnterior, ProcessosVisiveis, PlanoCorteFiltroDC, MaxRegistros FROM configuracaosistema LIMIT 1',
  sqlState: '42S22',
  sqlMessage: "Unknown column 'PlanoCorteFiltroDC' in 'field list'"
}
Config error: Error: Unknown column 'PlanoCorteFiltroDC' in 'field list'
    at PromisePool.execute (C:\SincoWeb\SINCO-WEB\SINCO-WEB\node_modules\mysql2\lib\promise\pool.js:54:22)
    at Object.execute (C:\SincoWeb\SINCO-WEB\SINCO-WEB\src\config\db.js:94:31)
    at C:\SincoWeb\SINCO-WEB\SINCO-WEB\src\server.js:6530:35
    at Layer.handleRequest (C:\SincoWeb\SINCO-WEB\SINCO-WEB\node_modules\router\lib\layer.js:152:17)
    at next (C:\SincoWeb\SINCO-WEB\SINCO-WEB\node_modules\router\lib\route.js:157:13)
    at Route.dispatch (C:\SincoWeb\SINCO-WEB\SINCO-WEB\node_modules\router\lib\route.js:117:3)
    at handle (C:\SincoWeb\SINCO-WEB\SINCO-WEB\node_modules\router\index.js:435:11)
    at Layer.handleRequest (C:\SincoWeb\SINCO-WEB\SINCO-WEB\node_modules\router\lib\layer.js:152:17)
    at C:\SincoWeb\SINCO-WEB\SINCO-WEB\node_modules\router\index.js:295:15
    at processParams (C:\SincoWeb\SINCO-WEB\SINCO-WEB\node_modules\router\index.js:582:12)
    at next (C:\SincoWeb\SINCO-WEB\SINCO-WEB\node_modules\router\index.js:291:5)
    at C:\SincoWeb\SINCO-WEB\SINCO-WEB\src\middleware\tenant.js:60:13
    at AsyncLocalStorage.run (node:internal/async_local_storage/async_context_frame:63:14)
    at tenantMiddleware (C:\SincoWeb\SINCO-WEB\SINCO-WEB\src\middleware\tenant.js:59:30)
    at Layer.handleRequest (C:\SincoWeb\SINCO-WEB\SINCO-WEB\node_modules\router\lib\layer.js:152:17)
    at trimPrefix (C:\SincoWeb\SINCO-WEB\SINCO-WEB\node_modules\router\index.js:342:13) {
  code: 'ER_BAD_FIELD_ERROR',
  errno: 1054,
  sql: 'SELECT RestringirApontamentoSemSaldoAnterior, ProcessosVisiveis, PlanoCorteFiltroDC, MaxRegistros FROM configuracaosistema LIMIT 1',
  sqlState: '42S22',
  sqlMessage: "Unknown column 'PlanoCorteFiltroDC' in 'field list'"
}
[API] 500 (30ms)

[API] GET /api/dashboard/stats

[DB] 🟡 EXEC: SELECT COUNT(*) as total FROM pessoajuridica WHERE D_E_L_E_T_E IS NULL OR D_E_L_E_T_E != '*'

[API] GET /api/config/menu

[DB] 🟡 EXEC: SELECT MenuStructure FROM configuracaosistema LIMIT 1
[DB] [lynxlocal] 🟢 OK (23ms) - Rows/Affected: 1
[API] 304 (27ms)
[DB] [lynxlocal] 🟢 OK (23ms) - Rows/Affected: 1
[API] 304 (27ms)

[API] GET /api/dashboard/stats

[DB] 🟡 EXEC: SELECT COUNT(*) as total FROM pessoajuridica WHERE D_E_L_E_T_E IS NULL OR D_E_L_E_T_E != '*'
[DB] [lynxlocal] 🟢 OK (31ms) - Rows/Affected: 1
[API] 304 (34ms)

[API] GET /api/config

[DB] 🟡 EXEC: SELECT RestringirApontamentoSemSaldoAnterior, ProcessosVisiveis, PlanoCorteFiltroDC, MaxRegistros FROM configuracaosistema LIMIT 1
[DB] 🔴 ERROR: Unknown column 'PlanoCorteFiltroDC' in 'field list'
Error: Unknown column 'PlanoCorteFiltroDC' in 'field list'
    at PromisePool.execute (C:\SincoWeb\SINCO-WEB\SINCO-WEB\node_modules\mysql2\lib\promise\pool.js:54:22)
    at Object.execute (C:\SincoWeb\SINCO-WEB\SINCO-WEB\src\config\db.js:94:31)
    at C:\SincoWeb\SINCO-WEB\SINCO-WEB\src\server.js:6530:35
    at Layer.handleRequest (C:\SincoWeb\SINCO-WEB\SINCO-WEB\node_modules\router\lib\layer.js:152:17)
    at next (C:\SincoWeb\SINCO-WEB\SINCO-WEB\node_modules\router\lib\route.js:157:13)
    at Route.dispatch (C:\SincoWeb\SINCO-WEB\SINCO-WEB\node_modules\router\lib\route.js:117:3)
    at handle (C:\SincoWeb\SINCO-WEB\SINCO-WEB\node_modules\router\index.js:435:11)
    at Layer.handleRequest (C:\SincoWeb\SINCO-WEB\SINCO-WEB\node_modules\router\lib\layer.js:152:17)
    at C:\SincoWeb\SINCO-WEB\SINCO-WEB\node_modules\router\index.js:295:15
    at processParams (C:\SincoWeb\SINCO-WEB\SINCO-WEB\node_modules\router\index.js:582:12)
    at next (C:\SincoWeb\SINCO-WEB\SINCO-WEB\node_modules\router\index.js:291:5)
    at C:\SincoWeb\SINCO-WEB\SINCO-WEB\src\middleware\tenant.js:60:13
    at AsyncLocalStorage.run (node:internal/async_local_storage/async_context_frame:63:14)
    at tenantMiddleware (C:\SincoWeb\SINCO-WEB\SINCO-WEB\src\middleware\tenant.js:59:30)
    at Layer.handleRequest (C:\SincoWeb\SINCO-WEB\SINCO-WEB\node_modules\router\lib\layer.js:152:17)
    at trimPrefix (C:\SincoWeb\SINCO-WEB\SINCO-WEB\node_modules\router\index.js:342:13) {
  code: 'ER_BAD_FIELD_ERROR',
  errno: 1054,
  sql: 'SELECT RestringirApontamentoSemSaldoAnterior, ProcessosVisiveis, PlanoCorteFiltroDC, MaxRegistros FROM configuracaosistema LIMIT 1',
  sqlState: '42S22',
  sqlMessage: "Unknown column 'PlanoCorteFiltroDC' in 'field list'"
}
Config error: Error: Unknown column 'PlanoCorteFiltroDC' in 'field list'
    at PromisePool.execute (C:\SincoWeb\SINCO-WEB\SINCO-WEB\node_modules\mysql2\lib\promise\pool.js:54:22)
    at Object.execute (C:\SincoWeb\SINCO-WEB\SINCO-WEB\src\config\db.js:94:31)
    at C:\SincoWeb\SINCO-WEB\SINCO-WEB\src\server.js:6530:35
    at Layer.handleRequest (C:\SincoWeb\SINCO-WEB\SINCO-WEB\node_modules\router\lib\layer.js:152:17)
    at next (C:\SincoWeb\SINCO-WEB\SINCO-WEB\node_modules\router\lib\route.js:157:13)
    at Route.dispatch (C:\SincoWeb\SINCO-WEB\SINCO-WEB\node_modules\router\lib\route.js:117:3)
    at handle (C:\SincoWeb\SINCO-WEB\SINCO-WEB\node_modules\router\index.js:435:11)
    at Layer.handleRequest (C:\SincoWeb\SINCO-WEB\SINCO-WEB\node_modules\router\lib\layer.js:152:17)
    at C:\SincoWeb\SINCO-WEB\SINCO-WEB\node_modules\router\index.js:295:15
    at processParams (C:\SincoWeb\SINCO-WEB\SINCO-WEB\node_modules\router\index.js:582:12)
    at next (C:\SincoWeb\SINCO-WEB\SINCO-WEB\node_modules\router\index.js:291:5)
    at C:\SincoWeb\SINCO-WEB\SINCO-WEB\src\middleware\tenant.js:60:13
    at AsyncLocalStorage.run (node:internal/async_local_storage/async_context_frame:63:14)
    at tenantMiddleware (C:\SincoWeb\SINCO-WEB\SINCO-WEB\src\middleware\tenant.js:59:30)
    at Layer.handleRequest (C:\SincoWeb\SINCO-WEB\SINCO-WEB\node_modules\router\lib\layer.js:152:17)
    at trimPrefix (C:\SincoWeb\SINCO-WEB\SINCO-WEB\node_modules\router\index.js:342:13) {
  code: 'ER_BAD_FIELD_ERROR',
  errno: 1054,
  sql: 'SELECT RestringirApontamentoSemSaldoAnterior, ProcessosVisiveis, PlanoCorteFiltroDC, MaxRegistros FROM configuracaosistema LIMIT 1',
  sqlState: '42S22',
  sqlMessage: "Unknown column 'PlanoCorteFiltroDC' in 'field list'"
}
[API] 500 (31ms)

[API] GET /api/config/menu

[DB] 🟡 EXEC: SELECT MenuStructure FROM configuracaosistema LIMIT 1

[API] GET /api/config

[DB] 🟡 EXEC: SELECT RestringirApontamentoSemSaldoAnterior, ProcessosVisiveis, PlanoCorteFiltroDC, MaxRegistros FROM configuracaosistema LIMIT 1
[DB] 🔴 ERROR: Unknown column 'PlanoCorteFiltroDC' in 'field list'
Error: Unknown column 'PlanoCorteFiltroDC' in 'field list'
    at PromisePool.execute (C:\SincoWeb\SINCO-WEB\SINCO-WEB\node_modules\mysql2\lib\promise\pool.js:54:22)
    at Object.execute (C:\SincoWeb\SINCO-WEB\SINCO-WEB\src\config\db.js:94:31)
    at C:\SincoWeb\SINCO-WEB\SINCO-WEB\src\server.js:6530:35
    at Layer.handleRequest (C:\SincoWeb\SINCO-WEB\SINCO-WEB\node_modules\router\lib\layer.js:152:17)
    at next (C:\SincoWeb\SINCO-WEB\SINCO-WEB\node_modules\router\lib\route.js:157:13)
    at Route.dispatch (C:\SincoWeb\SINCO-WEB\SINCO-WEB\node_modules\router\lib\route.js:117:3)
    at handle (C:\SincoWeb\SINCO-WEB\SINCO-WEB\node_modules\router\index.js:435:11)
    at Layer.handleRequest (C:\SincoWeb\SINCO-WEB\SINCO-WEB\node_modules\router\lib\layer.js:152:17)
    at C:\SincoWeb\SINCO-WEB\SINCO-WEB\node_modules\router\index.js:295:15
    at processParams (C:\SincoWeb\SINCO-WEB\SINCO-WEB\node_modules\router\index.js:582:12)
    at next (C:\SincoWeb\SINCO-WEB\SINCO-WEB\node_modules\router\index.js:291:5)
    at C:\SincoWeb\SINCO-WEB\SINCO-WEB\src\middleware\tenant.js:60:13
    at AsyncLocalStorage.run (node:internal/async_local_storage/async_context_frame:63:14)
    at tenantMiddleware (C:\SincoWeb\SINCO-WEB\SINCO-WEB\src\middleware\tenant.js:59:30)
    at Layer.handleRequest (C:\SincoWeb\SINCO-WEB\SINCO-WEB\node_modules\router\lib\layer.js:152:17)
    at trimPrefix (C:\SincoWeb\SINCO-WEB\SINCO-WEB\node_modules\router\index.js:342:13) {
  code: 'ER_BAD_FIELD_ERROR',
  errno: 1054,
  sql: 'SELECT RestringirApontamentoSemSaldoAnterior, ProcessosVisiveis, PlanoCorteFiltroDC, MaxRegistros FROM configuracaosistema LIMIT 1',
  sqlState: '42S22',
  sqlMessage: "Unknown column 'PlanoCorteFiltroDC' in 'field list'"
}
Config error: Error: Unknown column 'PlanoCorteFiltroDC' in 'field list'
    at PromisePool.execute (C:\SincoWeb\SINCO-WEB\SINCO-WEB\node_modules\mysql2\lib\promise\pool.js:54:22)
    at Object.execute (C:\SincoWeb\SINCO-WEB\SINCO-WEB\src\config\db.js:94:31)
    at C:\SincoWeb\SINCO-WEB\SINCO-WEB\src\server.js:6530:35
    at Layer.handleRequest (C:\SincoWeb\SINCO-WEB\SINCO-WEB\node_modules\router\lib\layer.js:152:17)
    at next (C:\SincoWeb\SINCO-WEB\SINCO-WEB\node_modules\router\lib\route.js:157:13)
    at Route.dispatch (C:\SincoWeb\SINCO-WEB\SINCO-WEB\node_modules\router\lib\route.js:117:3)
    at handle (C:\SincoWeb\SINCO-WEB\SINCO-WEB\node_modules\router\index.js:435:11)
    at Layer.handleRequest (C:\SincoWeb\SINCO-WEB\SINCO-WEB\node_modules\router\lib\layer.js:152:17)
    at C:\SincoWeb\SINCO-WEB\SINCO-WEB\node_modules\router\index.js:295:15
    at processParams (C:\SincoWeb\SINCO-WEB\SINCO-WEB\node_modules\router\index.js:582:12)
    at next (C:\SincoWeb\SINCO-WEB\SINCO-WEB\node_modules\router\index.js:291:5)
    at C:\SincoWeb\SINCO-WEB\SINCO-WEB\src\middleware\tenant.js:60:13
    at AsyncLocalStorage.run (node:internal/async_local_storage/async_context_frame:63:14)
    at tenantMiddleware (C:\SincoWeb\SINCO-WEB\SINCO-WEB\src\middleware\tenant.js:59:30)
    at Layer.handleRequest (C:\SincoWeb\SINCO-WEB\SINCO-WEB\node_modules\router\lib\layer.js:152:17)
    at trimPrefix (C:\SincoWeb\SINCO-WEB\SINCO-WEB\node_modules\router\index.js:342:13) {
  code: 'ER_BAD_FIELD_ERROR',
  errno: 1054,
  sql: 'SELECT RestringirApontamentoSemSaldoAnterior, ProcessosVisiveis, PlanoCorteFiltroDC, MaxRegistros FROM configuracaosistema LIMIT 1',
  sqlState: '42S22',
  sqlMessage: "Unknown column 'PlanoCorteFiltroDC' in 'field list'"
}
[API] 500 (25ms)
[DB] [lynxlocal] 🟢 OK (96ms) - Rows/Affected: 1
[API] 304 (100ms)

[API] GET /api/config/menu

[DB] 🟡 EXEC: SELECT MenuStructure FROM configuracaosistema LIMIT 1
[DB] [lynxlocal] 🟢 OK (23ms) - Rows/Affected: 1
[API] 304 (26ms)

[API] PUT /api/config
[API]    BODY: {"restringirApontamento":"Não","processosVisiveis":"[\"corte\",\"dobra\",\"solda\",\"pintura\",\"montagem\"]","planoCorteFiltroDC":"chaparia","maxRegistros":500}

[DB] 🟡 EXEC: SELECT id FROM configuracaosistema LIMIT 1
[DB] [lynxlocal] 🟢 OK (49ms) - Rows/Affected: 1

[DB] 🟡 EXEC: UPDATE configuracaosistema SET RestringirApontamentoSemSaldoAnterior = ?, ProcessosVisiveis = ?, PlanoCorteFiltroDC = ?, MaxRegistros = ? WHERE id = 1
[DB]    PARAMS: ["Não","[\"corte\",\"dobra\",\"solda\",\"pintura\",\"montagem\"]","chaparia",500]
[DB] 🔴 ERROR: Unknown column 'PlanoCorteFiltroDC' in 'field list'
Error: Unknown column 'PlanoCorteFiltroDC' in 'field list'
    at PromisePool.execute (C:\SincoWeb\SINCO-WEB\SINCO-WEB\node_modules\mysql2\lib\promise\pool.js:54:22)
    at Object.execute (C:\SincoWeb\SINCO-WEB\SINCO-WEB\src\config\db.js:94:31)
    at C:\SincoWeb\SINCO-WEB\SINCO-WEB\src\server.js:6571:28
    at process.processTicksAndRejections (node:internal/process/task_queues:103:5) {
  code: 'ER_BAD_FIELD_ERROR',
  errno: 1054,
  sql: 'UPDATE configuracaosistema SET RestringirApontamentoSemSaldoAnterior = ?, ProcessosVisiveis = ?, PlanoCorteFiltroDC = ?, MaxRegistros = ? WHERE id = 1',
  sqlState: '42S22',
  sqlMessage: "Unknown column 'PlanoCorteFiltroDC' in 'field list'"
}
Config save error: Error: Unknown column 'PlanoCorteFiltroDC' in 'field list'
    at PromisePool.execute (C:\SincoWeb\SINCO-WEB\SINCO-WEB\node_modules\mysql2\lib\promise\pool.js:54:22)
    at Object.execute (C:\SincoWeb\SINCO-WEB\SINCO-WEB\src\config\db.js:94:31)
    at C:\SincoWeb\SINCO-WEB\SINCO-WEB\src\server.js:6571:28
    at process.processTicksAndRejections (node:internal/process/task_queues:103:5) {
  code: 'ER_BAD_FIELD_ERROR',
  errno: 1054,
  sql: 'UPDATE configuracaosistema SET RestringirApontamentoSemSaldoAnterior = ?, ProcessosVisiveis = ?, PlanoCorteFiltroDC = ?, MaxRegistros = ? WHERE id = 1',
  sqlState: '42S22',
  sqlMessage: "Unknown column 'PlanoCorteFiltroDC' in 'field list'"
}
[API] 500 (80ms)
