[dotenv@17.2.3] injecting env (13) from .env -- tip: 🔑 add access controls to secrets: https://dotenvx.com/ops
[DB] Default Pool initialized with host: lynxlocal.mysql.uhserver.com, database: lynxlocal
[dotenv@17.2.3] injecting env (0) from .env -- tip: ✅ audit secrets and track compliance: https://dotenvx.com/ops
Server running on port 3000 and listening on all interfaces(0.0.0.0)
Connected to MySQL database

[API] GET /api/health
[TenantMiddleware] No token provided for /health
[API] 401 (18ms)

[API] GET /lynx-logo.png
[API] 304 (20ms)

[API] GET /vite.svg
[API] 304 (8ms)

[API] GET /api/dashboard/stats
[TenantMiddleware] No token provided for /dashboard/stats
[API] 401 (4ms)

[API] GET /api/config/menu
[TenantMiddleware] No token provided for /config/menu
[API] 401 (3ms)

[API] GET /sw.js
[API] 200 (31ms)

[API] GET /workbox-8c29f6e4.js
[API] 200 (10ms)

[API] GET /index.html
[API] 200 (5ms)

[API] GET /assets/index-DTmXUVvK.css
[API] 200 (15ms)

[API] GET /assets/index-DfBkmj-S.js
[API] 200 (129ms)

[API] GET /lynx-logo.png
[API] 304 (3ms)

[API] POST /api/login
[API]    BODY: {"login":"admin","senha":"admin123"}
[AUTH] Attempting central login for user: admin
[AUTH] Falling back to local DB auth

[DB] 🟡 EXEC: SELECT * FROM usuario WHERE Login = ? AND Senha = ?
[DB]    PARAMS: ["admin","admin123"]
[DB] [DEFAULT] 🟢 OK (194ms) - Rows/Affected: 0
[API] 401 (2729ms)

[API] POST /api/login
[API]    BODY: {"login":"admin","senha":"admin123"}
[AUTH] Attempting central login for user: admin
[AUTH] Falling back to local DB auth

[DB] 🟡 EXEC: SELECT * FROM usuario WHERE Login = ? AND Senha = ?
[DB]    PARAMS: ["admin","admin123"]
[DB] [DEFAULT] 🟢 OK (32ms) - Rows/Affected: 0
[API] 401 (182ms)

[API] POST /api/login
[API]    BODY: {"login":"admin","senha":"admin"}
[AUTH] Attempting central login for user: admin
[AUTH] Falling back to local DB auth

[DB] 🟡 EXEC: SELECT * FROM usuario WHERE Login = ? AND Senha = ?
[DB]    PARAMS: ["admin","admin"]
[DB] [DEFAULT] 🟢 OK (32ms) - Rows/Affected: 0
[API] 401 (168ms)

[API] POST /api/login
[API]    BODY: {"login":"admin","senha":"sinco123"}
[AUTH] Attempting central login for user: admin
[AUTH] Falling back to local DB auth

[DB] 🟡 EXEC: SELECT * FROM usuario WHERE Login = ? AND Senha = ?
[DB]    PARAMS: ["admin","sinco123"]
[DB] [DEFAULT] 🟢 OK (42ms) - Rows/Affected: 0
[API] 401 (353ms)

[API] POST /api/login
[API]    BODY: {"login":"admin","senha":"123456"}
[AUTH] Attempting central login for user: admin
[AUTH] Falling back to local DB auth

[DB] 🟡 EXEC: SELECT * FROM usuario WHERE Login = ? AND Senha = ?
[DB]    PARAMS: ["admin","123456"]
[DB] [DEFAULT] 🟢 OK (32ms) - Rows/Affected: 0
[API] 401 (280ms)

[API] POST /api/login
[API]    BODY: {"login":"admin","senha":"123456"}
[AUTH] Attempting central login for user: admin
[AUTH] Falling back to local DB auth

[DB] 🟡 EXEC: SELECT * FROM usuario WHERE Login = ? AND Senha = ?
[DB]    PARAMS: ["admin","123456"]
[DB] [DEFAULT] 🟢 OK (41ms) - Rows/Affected: 0
[API] 401 (265ms)

[API] POST /api/login
[API]    BODY: {"login":"admin","senha":"123456"}
[AUTH] Attempting central login for user: admin
[AUTH] Falling back to local DB auth

[DB] 🟡 EXEC: SELECT * FROM usuario WHERE Login = ? AND Senha = ?
[DB]    PARAMS: ["admin","123456"]
[DB] [DEFAULT] 🟢 OK (34ms) - Rows/Affected: 0
[API] 401 (218ms)

[API] POST /api/login
[API]    BODY: {"login":"admin","senha":"admin123"}
[AUTH] Attempting central login for user: admin
[AUTH] Falling back to local DB auth

[DB] 🟡 EXEC: SELECT * FROM usuario WHERE Login = ? AND Senha = ?
[DB]    PARAMS: ["admin","admin123"]
[DB] [DEFAULT] 🟢 OK (26ms) - Rows/Affected: 0
[API] 401 (175ms)

[API] POST /api/login
[API]    BODY: {"login":"adminadmin","senha":"admin123admin123"}
[AUTH] Attempting central login for user: adminadmin
[AUTH] Falling back to local DB auth

[DB] 🟡 EXEC: SELECT * FROM usuario WHERE Login = ? AND Senha = ?
[DB]    PARAMS: ["adminadmin","admin123admin123"]
[DB] [DEFAULT] 🟢 OK (112ms) - Rows/Affected: 0
[API] 401 (272ms)

[API] GET /lynx-logo.png
[API] 304 (4ms)

[API] GET /sw.js
[API] 304 (3ms)

[API] GET /workbox-8c29f6e4.js
[API] 304 (1ms)

[API] POST /api/login
[API]    BODY: {"login":"admin","senha":"admin123"}
[AUTH] Attempting central login for user: admin
[AUTH] Falling back to local DB auth

[DB] 🟡 EXEC: SELECT * FROM usuario WHERE Login = ? AND Senha = ?
[DB]    PARAMS: ["admin","admin123"]
[DB] [DEFAULT] 🟢 OK (31ms) - Rows/Affected: 0
[API] 401 (208ms)

[API] POST /api/login
[API]    BODY: {"login":"admin","senha":"admin123"}
[AUTH] Attempting central login for user: admin
[AUTH] Falling back to local DB auth

[DB] 🟡 EXEC: SELECT * FROM usuario WHERE Login = ? AND Senha = ?
[DB]    PARAMS: ["admin","admin123"]
[DB] [DEFAULT] 🟢 OK (36ms) - Rows/Affected: 0
[API] 401 (302ms)

[API] POST /api/login
[API]    BODY: {"login":"admin","senha":"admin"}
[AUTH] Attempting central login for user: admin
[AUTH] Falling back to local DB auth

[DB] 🟡 EXEC: SELECT * FROM usuario WHERE Login = ? AND Senha = ?
[DB]    PARAMS: ["admin","admin"]
[DB] [DEFAULT] 🟢 OK (55ms) - Rows/Affected: 0
[API] 401 (316ms)

[API] GET /api/config
[TenantMiddleware] No token provided for /config
[API] 401 (6ms)

[API] GET /lynx-logo.png
[API] 304 (5ms)

[API] GET /sw.js
[API] 304 (3ms)

[API] GET /workbox-8c29f6e4.js
[API] 304 (2ms)

[API] POST /api/login
[API]    BODY: {"login":"admin","senha":"admin"}
[AUTH] Attempting central login for user: admin
[AUTH] Falling back to local DB auth

[DB] 🟡 EXEC: SELECT * FROM usuario WHERE Login = ? AND Senha = ?
[DB]    PARAMS: ["admin","admin"]
[DB] [DEFAULT] 🟢 OK (139ms) - Rows/Affected: 0
[API] 401 (814ms)

[API] POST /api/login
[API]    BODY: {"login":"admin","senha":"sinco123"}
[AUTH] Attempting central login for user: admin
[AUTH] Falling back to local DB auth

[DB] 🟡 EXEC: SELECT * FROM usuario WHERE Login = ? AND Senha = ?
[DB]    PARAMS: ["admin","sinco123"]
[DB] [DEFAULT] 🟢 OK (23ms) - Rows/Affected: 0
[API] 401 (151ms)

[API] GET /lynx-logo.png
[API] 304 (2ms)

[API] GET /sw.js
[API] 304 (2ms)

[API] GET /workbox-8c29f6e4.js
[API] 304 (2ms)

[API] POST /api/login
[API]    BODY: {"login":"admin","senha":"admin123"}
[AUTH] Attempting central login for user: admin
[AUTH] Falling back to local DB auth

[DB] 🟡 EXEC: SELECT * FROM usuario WHERE Login = ? AND Senha = ?
[DB]    PARAMS: ["admin","admin123"]
[DB] [DEFAULT] 🟢 OK (165ms) - Rows/Affected: 0
[API] 401 (1489ms)

[API] GET /vite.svg

[API] GET /lynx-logo.png
[API] 304 (6ms)
[API] 304 (3ms)

[API] GET /sw.js
[API] 304 (2ms)

[API] GET /workbox-8c29f6e4.js
[API] 304 (2ms)

[API] GET /lynx-logo.png
[API] 304 (3ms)

[API] GET /sw.js
[API] 304 (2ms)

[API] GET /workbox-8c29f6e4.js
[API] 304 (1ms)

[API] GET /lynx-logo.png
[API] 304 (2ms)

[API] GET /sw.js
[API] 304 (2ms)

[API] GET /workbox-8c29f6e4.js
[API] 304 (2ms)

[API] POST /api/login
[API]    BODY: {"login":"admin","senha":"admin123"}
[AUTH] Attempting central login for user: admin
[AUTH] Falling back to local DB auth

[DB] 🟡 EXEC: SELECT * FROM usuario WHERE Login = ? AND Senha = ?
[DB]    PARAMS: ["admin","admin123"]
[DB] [DEFAULT] 🟢 OK (177ms) - Rows/Affected: 0
[API] 401 (386ms)

[API] POST /api/login
[API]    BODY: {"login":"adminadmin","senha":"admin123admin123"}
[AUTH] Attempting central login for user: adminadmin
[AUTH] Falling back to local DB auth

[DB] 🟡 EXEC: SELECT * FROM usuario WHERE Login = ? AND Senha = ?
[DB]    PARAMS: ["adminadmin","admin123admin123"]
[DB] [DEFAULT] 🟢 OK (25ms) - Rows/Affected: 0
[API] 401 (193ms)

[API] POST /api/login
[API]    BODY: {"login":"admin","senha":"admin123"}
[AUTH] Attempting central login for user: admin
[AUTH] Falling back to local DB auth

[DB] 🟡 EXEC: SELECT * FROM usuario WHERE Login = ? AND Senha = ?
[DB]    PARAMS: ["admin","admin123"]
[DB] [DEFAULT] 🟢 OK (423ms) - Rows/Affected: 0
[API] 401 (657ms)

[API] GET /lynx-logo.png
[API] 304 (3ms)

[API] GET /sw.js
[API] 304 (2ms)

[API] GET /workbox-8c29f6e4.js
[API] 304 (2ms)

[API] GET /api/config
[TenantMiddleware] No token provided for /config
[API] 401 (3ms)

[API] GET /favicon.ico
[API] 200 (52ms)

[API] GET /sw.js
[API] 304 (3ms)

[API] GET /workbox-8c29f6e4.js
[API] 304 (2ms)

[API] GET /lynx-logo.png
[API] 304 (4ms)

[API] GET /sw.js
[API] 304 (2ms)

[API] GET /workbox-8c29f6e4.js
[API] 304 (2ms)

[API] POST /api/login
[API]    BODY: {"login":"Admin","senha":"Admin123"}
[AUTH] Attempting central login for user: Admin
[AUTH] Falling back to local DB auth

[DB] 🟡 EXEC: SELECT * FROM usuario WHERE Login = ? AND Senha = ?
[DB]    PARAMS: ["Admin","Admin123"]
[DB] [DEFAULT] 🟢 OK (29ms) - Rows/Affected: 0
[API] 401 (188ms)

[API] GET /lynx-logo.png
[API] 304 (3ms)

[API] GET /sw.js
[API] 304 (3ms)

[API] GET /workbox-8c29f6e4.js
[API] 304 (3ms)

[API] POST /api/login
[API]    BODY: {"login":"admin","senha":"admin"}
[AUTH] Attempting central login for user: admin
[AUTH] Falling back to local DB auth

[DB] 🟡 EXEC: SELECT * FROM usuario WHERE Login = ? AND Senha = ?
[DB]    PARAMS: ["admin","admin"]
[DB] [DEFAULT] 🟢 OK (64ms) - Rows/Affected: 0
[API] 401 (475ms)

[API] POST /api/login
[API]    BODY: {"login":"admin","senha":"admin123"}
[AUTH] Attempting central login for user: admin
[AUTH] Falling back to local DB auth

[DB] 🟡 EXEC: SELECT * FROM usuario WHERE Login = ? AND Senha = ?
[DB]    PARAMS: ["admin","admin123"]
[DB] [DEFAULT] 🟢 OK (24ms) - Rows/Affected: 0
[API] 401 (1099ms)

[API] POST /api/login
[API]    BODY: {"login":"admin","senha":"sinco123"}
[AUTH] Attempting central login for user: admin
[AUTH] Falling back to local DB auth

[DB] 🟡 EXEC: SELECT * FROM usuario WHERE Login = ? AND Senha = ?
[DB]    PARAMS: ["admin","sinco123"]
[DB] [DEFAULT] 🟢 OK (28ms) - Rows/Affected: 0
[API] 401 (340ms)

[API] POST /api/login
[API]    BODY: {"login":"admin","senha":"1234"}
[AUTH] Attempting central login for user: admin
[AUTH] Falling back to local DB auth

[DB] 🟡 EXEC: SELECT * FROM usuario WHERE Login = ? AND Senha = ?
[DB]    PARAMS: ["admin","1234"]
[DB] [DEFAULT] 🟢 OK (24ms) - Rows/Affected: 0
[API] 401 (536ms)

[API] GET /lynx-logo.png
[API] 304 (14ms)

[API] GET /sw.js
[API] 304 (2ms)

[API] GET /workbox-8c29f6e4.js
[API] 304 (2ms)

[API] POST /api/login
[API]    BODY: {"login":"admin","senha":"admin"}
[AUTH] Attempting central login for user: admin
[AUTH] Falling back to local DB auth

[DB] 🟡 EXEC: SELECT * FROM usuario WHERE Login = ? AND Senha = ?
[DB]    PARAMS: ["admin","admin"]
[DB] [DEFAULT] 🟢 OK (23ms) - Rows/Affected: 0
[API] 401 (257ms)

[API] GET /lynx-logo.png
[API] 304 (3ms)

[API] GET /sw.js
[API] 304 (2ms)

[API] GET /workbox-8c29f6e4.js
[API] 304 (3ms)

[API] GET /lynx-logo.png
[API] 304 (3ms)

[API] GET /sw.js
[API] 304 (2ms)

[API] GET /workbox-8c29f6e4.js
[API] 304 (2ms)

[API] GET /lynx-logo.png
[API] 304 (1ms)

[API] GET /sw.js
[API] 304 (2ms)

[API] GET /workbox-8c29f6e4.js
[API] 304 (1ms)

[API] GET /lynx-logo.png
[API] 304 (5ms)

[API] GET /sw.js
[API] 304 (5ms)

[API] GET /workbox-8c29f6e4.js
[API] 304 (4ms)

[API] GET /lynx-logo.png
[API] 304 (3ms)

[API] GET /sw.js
[API] 304 (1ms)

[API] GET /workbox-8c29f6e4.js
[API] 304 (3ms)

[API] GET /api/health
[TenantMiddleware] No token provided for /health
[API] 401 (6ms)

[API] GET /favicon.ico
[API] 304 (19ms)

[API] GET /sw.js
[API] 304 (3ms)

[API] GET /workbox-8c29f6e4.js
[API] 304 (1ms)

[API] GET /lynx-logo.png
[API] 304 (5ms)

[API] GET /sw.js
[API] 304 (2ms)

[API] GET /workbox-8c29f6e4.js
[API] 304 (2ms)

[API] GET /lynx-logo.png
[API] 304 (84ms)

[API] GET /sw.js
[API] 304 (2ms)

[API] GET /workbox-8c29f6e4.js
[API] 304 (1ms)

[API] POST /api/login
[API]    BODY: {"login":"sinco","senha":"sinco"}
[AUTH] Attempting central login for user: sinco
[AUTH] Falling back to local DB auth

[DB] 🟡 EXEC: SELECT * FROM usuario WHERE Login = ? AND Senha = ?
[DB]    PARAMS: ["sinco","sinco"]
[DB] [DEFAULT] 🟢 OK (210ms) - Rows/Affected: 0
[API] 401 (523ms)

[API] POST /api/login
[API]    BODY: {"login":"sinco","senha":"sinco"}
[AUTH] Attempting central login for user: sinco
[AUTH] Falling back to local DB auth

[DB] 🟡 EXEC: SELECT * FROM usuario WHERE Login = ? AND Senha = ?
[DB]    PARAMS: ["sinco","sinco"]
[DB] [DEFAULT] 🟢 OK (25ms) - Rows/Affected: 0
[API] 401 (252ms)

[API] POST /api/login
[API]    BODY: {"login":"sinco","senha":"admin"}
[AUTH] Attempting central login for user: sinco
[AUTH] Falling back to local DB auth

[DB] 🟡 EXEC: SELECT * FROM usuario WHERE Login = ? AND Senha = ?
[DB]    PARAMS: ["sinco","admin"]
[DB] [DEFAULT] 🟢 OK (32ms) - Rows/Affected: 0
[API] 401 (295ms)

[API] GET /lynx-logo.png
[API] 304 (5ms)

[API] GET /sw.js
[API] 304 (2ms)

[API] GET /workbox-8c29f6e4.js
[API] 304 (2ms)

[API] POST /api/login
[API]    BODY: {"login":"admin","senha":"admin"}
[AUTH] Attempting central login for user: admin
[AUTH] Falling back to local DB auth

[DB] 🟡 EXEC: SELECT * FROM usuario WHERE Login = ? AND Senha = ?
[DB]    PARAMS: ["admin","admin"]
[DB] [DEFAULT] 🟢 OK (36ms) - Rows/Affected: 0
[API] 401 (266ms)
